<?xml version="1.0" encoding="UTF-8"?>
<coverage generated="1737002925445" clover="3.2.0">
  <project timestamp="1737002925447" name="All files">
    <metrics statements="366" coveredstatements="19" conditionals="118" coveredconditionals="2" methods="131" coveredmethods="10" elements="615" coveredelements="31" complexity="0" loc="366" ncloc="366" packages="4" files="38" classes="38"/>
    <package name="src">
      <metrics statements="16" coveredstatements="0" conditionals="8" coveredconditionals="0" methods="4" coveredmethods="0"/>
      <file name="App.jsx" path="C:\Users\fazal\OneDrive\Desktop\ketoproj\frontend\src\App.jsx">
        <metrics statements="14" coveredstatements="0" conditionals="8" coveredconditionals="0" methods="4" coveredmethods="0"/>
        <line num="17" count="0" type="stmt"/>
        <line num="18" count="0" type="stmt"/>
        <line num="19" count="0" type="stmt"/>
        <line num="22" count="0" type="stmt"/>
        <line num="24" count="0" type="stmt"/>
        <line num="25" count="0" type="cond" truecount="0" falsecount="2"/>
        <line num="26" count="0" type="stmt"/>
        <line num="27" count="0" type="cond" truecount="0" falsecount="2"/>
        <line num="28" count="0" type="stmt"/>
        <line num="33" count="0" type="stmt"/>
        <line num="35" count="0" type="stmt"/>
        <line num="36" count="0" type="cond" truecount="0" falsecount="2"/>
        <line num="37" count="0" type="stmt"/>
        <line num="40" count="0" type="stmt"/>
      </file>
      <file name="main.jsx" path="C:\Users\fazal\OneDrive\Desktop\ketoproj\frontend\src\main.jsx">
        <metrics statements="2" coveredstatements="0" conditionals="0" coveredconditionals="0" methods="0" coveredmethods="0"/>
        <line num="12" count="0" type="stmt"/>
        <line num="14" count="0" type="stmt"/>
      </file>
    </package>
    <package name="src.ReduxStore">
      <metrics statements="13" coveredstatements="0" conditionals="0" coveredconditionals="0" methods="5" coveredmethods="0"/>
      <file name="Authenticate.js" path="C:\Users\fazal\OneDrive\Desktop\ketoproj\frontend\src\ReduxStore\Authenticate.js">
        <metrics statements="8" coveredstatements="0" conditionals="0" coveredconditionals="0" methods="4" coveredmethods="0"/>
        <line num="3" count="0" type="stmt"/>
        <line num="11" count="0" type="stmt"/>
        <line num="12" count="0" type="stmt"/>
        <line num="15" count="0" type="stmt"/>
        <line num="18" count="0" type="stmt"/>
        <line num="21" count="0" type="stmt"/>
        <line num="26" count="0" type="stmt"/>
        <line num="28" count="0" type="stmt"/>
      </file>
      <file name="dataCart.js" path="C:\Users\fazal\OneDrive\Desktop\ketoproj\frontend\src\ReduxStore\dataCart.js">
        <metrics statements="4" coveredstatements="0" conditionals="0" coveredconditionals="0" methods="1" coveredmethods="0"/>
        <line num="4" count="0" type="stmt"/>
        <line num="11" count="0" type="stmt"/>
        <line num="16" count="0" type="stmt"/>
        <line num="18" count="0" type="stmt"/>
      </file>
      <file name="store.js" path="C:\Users\fazal\OneDrive\Desktop\ketoproj\frontend\src\ReduxStore\store.js">
        <metrics statements="1" coveredstatements="0" conditionals="0" coveredconditionals="0" methods="0" coveredmethods="0"/>
        <line num="6" count="0" type="stmt"/>
      </file>
    </package>
    <package name="src.components">
      <metrics statements="293" coveredstatements="19" conditionals="100" coveredconditionals="2" methods="115" coveredmethods="10"/>
      <file name="AboutUs.jsx" path="C:\Users\fazal\OneDrive\Desktop\ketoproj\frontend\src\components\AboutUs.jsx">
        <metrics statements="1" coveredstatements="0" conditionals="0" coveredconditionals="0" methods="1" coveredmethods="0"/>
        <line num="7" count="0" type="stmt"/>
      </file>
      <file name="AddBtn.jsx" path="C:\Users\fazal\OneDrive\Desktop\ketoproj\frontend\src\components\AddBtn.jsx">
        <metrics statements="25" coveredstatements="0" conditionals="10" coveredconditionals="0" methods="9" coveredmethods="0"/>
        <line num="9" count="0" type="stmt"/>
        <line num="10" count="0" type="stmt"/>
        <line num="11" count="0" type="stmt"/>
        <line num="12" count="0" type="stmt"/>
        <line num="14" count="0" type="stmt"/>
        <line num="15" count="0" type="stmt"/>
        <line num="19" count="0" type="stmt"/>
        <line num="22" count="0" type="cond" truecount="0" falsecount="2"/>
        <line num="23" count="0" type="stmt"/>
        <line num="24" count="0" type="stmt"/>
        <line num="26" count="0" type="stmt"/>
        <line num="27" count="0" type="stmt"/>
        <line num="30" count="0" type="stmt"/>
        <line num="34" count="0" type="stmt"/>
        <line num="35" count="0" type="stmt"/>
        <line num="36" count="0" type="stmt"/>
        <line num="41" count="0" type="stmt"/>
        <line num="42" count="0" type="stmt"/>
        <line num="49" count="0" type="stmt"/>
        <line num="52" count="0" type="stmt"/>
        <line num="76" count="0" type="stmt"/>
        <line num="92" count="0" type="stmt"/>
        <line num="103" count="0" type="stmt"/>
        <line num="104" count="0" type="stmt"/>
        <line num="105" count="0" type="stmt"/>
      </file>
      <file name="Banner.jsx" path="C:\Users\fazal\OneDrive\Desktop\ketoproj\frontend\src\components\Banner.jsx">
        <metrics statements="1" coveredstatements="0" conditionals="0" coveredconditionals="0" methods="1" coveredmethods="0"/>
        <line num="2" count="0" type="stmt"/>
      </file>
      <file name="Cards.jsx" path="C:\Users\fazal\OneDrive\Desktop\ketoproj\frontend\src\components\Cards.jsx">
        <metrics statements="1" coveredstatements="1" conditionals="0" coveredconditionals="0" methods="1" coveredmethods="1"/>
        <line num="2" count="3" type="stmt"/>
      </file>
      <file name="Cart.jsx" path="C:\Users\fazal\OneDrive\Desktop\ketoproj\frontend\src\components\Cart.jsx">
        <metrics statements="13" coveredstatements="0" conditionals="4" coveredconditionals="0" methods="6" coveredmethods="0"/>
        <line num="10" count="0" type="stmt"/>
        <line num="11" count="0" type="stmt"/>
        <line num="12" count="0" type="stmt"/>
        <line num="18" count="0" type="stmt"/>
        <line num="20" count="0" type="stmt"/>
        <line num="24" count="0" type="stmt"/>
        <line num="25" count="0" type="cond" truecount="0" falsecount="2"/>
        <line num="26" count="0" type="stmt"/>
        <line num="27" count="0" type="stmt"/>
        <line num="28" count="0" type="stmt"/>
        <line num="31" count="0" type="stmt"/>
        <line num="35" count="0" type="stmt"/>
        <line num="42" count="0" type="stmt"/>
      </file>
      <file name="Categories.jsx" path="C:\Users\fazal\OneDrive\Desktop\ketoproj\frontend\src\components\Categories.jsx">
        <metrics statements="1" coveredstatements="1" conditionals="0" coveredconditionals="0" methods="1" coveredmethods="1"/>
        <line num="4" count="6" type="stmt"/>
      </file>
      <file name="Category.jsx" path="C:\Users\fazal\OneDrive\Desktop\ketoproj\frontend\src\components\Category.jsx">
        <metrics statements="1" coveredstatements="1" conditionals="0" coveredconditionals="0" methods="1" coveredmethods="1"/>
        <line num="4" count="3" type="stmt"/>
      </file>
      <file name="Contact.jsx" path="C:\Users\fazal\OneDrive\Desktop\ketoproj\frontend\src\components\Contact.jsx">
        <metrics statements="1" coveredstatements="0" conditionals="0" coveredconditionals="0" methods="1" coveredmethods="0"/>
        <line num="7" count="0" type="stmt"/>
      </file>
      <file name="ContactForm.jsx" path="C:\Users\fazal\OneDrive\Desktop\ketoproj\frontend\src\components\ContactForm.jsx">
        <metrics statements="1" coveredstatements="0" conditionals="0" coveredconditionals="0" methods="1" coveredmethods="0"/>
        <line num="2" count="0" type="stmt"/>
      </file>
      <file name="DelBtn.jsx" path="C:\Users\fazal\OneDrive\Desktop\ketoproj\frontend\src\components\DelBtn.jsx">
        <metrics statements="15" coveredstatements="0" conditionals="6" coveredconditionals="0" methods="8" coveredmethods="0"/>
        <line num="7" count="0" type="stmt"/>
        <line num="8" count="0" type="stmt"/>
        <line num="9" count="0" type="stmt"/>
        <line num="12" count="0" type="stmt"/>
        <line num="16" count="0" type="cond" truecount="0" falsecount="2"/>
        <line num="17" count="0" type="stmt"/>
        <line num="21" count="0" type="stmt"/>
        <line num="24" count="0" type="stmt"/>
        <line num="25" count="0" type="stmt"/>
        <line num="26" count="0" type="stmt"/>
        <line num="29" count="0" type="stmt"/>
        <line num="32" count="0" type="stmt"/>
        <line num="36" count="0" type="stmt"/>
        <line num="60" count="0" type="stmt"/>
        <line num="71" count="0" type="stmt"/>
      </file>
      <file name="Description.jsx" path="C:\Users\fazal\OneDrive\Desktop\ketoproj\frontend\src\components\Description.jsx">
        <metrics statements="1" coveredstatements="0" conditionals="0" coveredconditionals="0" methods="1" coveredmethods="0"/>
        <line num="2" count="0" type="stmt"/>
      </file>
      <file name="Description2.jsx" path="C:\Users\fazal\OneDrive\Desktop\ketoproj\frontend\src\components\Description2.jsx">
        <metrics statements="4" coveredstatements="0" conditionals="0" coveredconditionals="0" methods="2" coveredmethods="0"/>
        <line num="4" count="0" type="stmt"/>
        <line num="5" count="0" type="stmt"/>
        <line num="6" count="0" type="stmt"/>
        <line num="8" count="0" type="stmt"/>
      </file>
      <file name="Description3.jsx" path="C:\Users\fazal\OneDrive\Desktop\ketoproj\frontend\src\components\Description3.jsx">
        <metrics statements="1" coveredstatements="0" conditionals="0" coveredconditionals="0" methods="1" coveredmethods="0"/>
        <line num="2" count="0" type="stmt"/>
      </file>
      <file name="Dynamic.jsx" path="C:\Users\fazal\OneDrive\Desktop\ketoproj\frontend\src\components\Dynamic.jsx">
        <metrics statements="31" coveredstatements="0" conditionals="8" coveredconditionals="0" methods="12" coveredmethods="0"/>
        <line num="13" count="0" type="stmt"/>
        <line num="14" count="0" type="stmt"/>
        <line num="15" count="0" type="stmt"/>
        <line num="16" count="0" type="stmt"/>
        <line num="17" count="0" type="stmt"/>
        <line num="18" count="0" type="stmt"/>
        <line num="19" count="0" type="stmt"/>
        <line num="21" count="0" type="stmt"/>
        <line num="24" count="0" type="stmt"/>
        <line num="27" count="0" type="cond" truecount="0" falsecount="2"/>
        <line num="28" count="0" type="stmt"/>
        <line num="29" count="0" type="stmt"/>
        <line num="31" count="0" type="stmt"/>
        <line num="32" count="0" type="stmt"/>
        <line num="35" count="0" type="stmt"/>
        <line num="38" count="0" type="stmt"/>
        <line num="39" count="0" type="stmt"/>
        <line num="40" count="0" type="stmt"/>
        <line num="43" count="0" type="stmt"/>
        <line num="45" count="0" type="stmt"/>
        <line num="47" count="0" type="stmt"/>
        <line num="64" count="0" type="stmt"/>
        <line num="65" count="0" type="stmt"/>
        <line num="70" count="0" type="stmt"/>
        <line num="77" count="0" type="stmt"/>
        <line num="81" count="0" type="cond" truecount="0" falsecount="2"/>
        <line num="82" count="0" type="stmt"/>
        <line num="85" count="0" type="stmt"/>
        <line num="109" count="0" type="stmt"/>
        <line num="125" count="0" type="stmt"/>
        <line num="152" count="0" type="stmt"/>
      </file>
      <file name="FAQ.jsx" path="C:\Users\fazal\OneDrive\Desktop\ketoproj\frontend\src\components\FAQ.jsx">
        <metrics statements="8" coveredstatements="0" conditionals="18" coveredconditionals="0" methods="6" coveredmethods="0"/>
        <line num="6" count="0" type="stmt"/>
        <line num="8" count="0" type="stmt"/>
        <line num="9" count="0" type="cond" truecount="0" falsecount="2"/>
        <line num="12" count="0" type="stmt"/>
        <line num="22" count="0" type="stmt"/>
        <line num="53" count="0" type="stmt"/>
        <line num="84" count="0" type="stmt"/>
        <line num="115" count="0" type="stmt"/>
      </file>
      <file name="Footer.jsx" path="C:\Users\fazal\OneDrive\Desktop\ketoproj\frontend\src\components\Footer.jsx">
        <metrics statements="1" coveredstatements="0" conditionals="0" coveredconditionals="0" methods="1" coveredmethods="0"/>
        <line num="4" count="0" type="stmt"/>
      </file>
      <file name="Header.jsx" path="C:\Users\fazal\OneDrive\Desktop\ketoproj\frontend\src\components\Header.jsx">
        <metrics statements="33" coveredstatements="0" conditionals="8" coveredconditionals="0" methods="14" coveredmethods="0"/>
        <line num="11" count="0" type="stmt"/>
        <line num="12" count="0" type="stmt"/>
        <line num="13" count="0" type="stmt"/>
        <line num="14" count="0" type="stmt"/>
        <line num="15" count="0" type="stmt"/>
        <line num="17" count="0" type="stmt"/>
        <line num="19" count="0" type="stmt"/>
        <line num="20" count="0" type="stmt"/>
        <line num="21" count="0" type="stmt"/>
        <line num="25" count="0" type="stmt"/>
        <line num="26" count="0" type="stmt"/>
        <line num="28" count="0" type="stmt"/>
        <line num="29" count="0" type="stmt"/>
        <line num="31" count="0" type="stmt"/>
        <line num="35" count="0" type="stmt"/>
        <line num="36" count="0" type="stmt"/>
        <line num="42" count="0" type="stmt"/>
        <line num="44" count="0" type="stmt"/>
        <line num="47" count="0" type="stmt"/>
        <line num="48" count="0" type="stmt"/>
        <line num="57" count="0" type="stmt"/>
        <line num="58" count="0" type="stmt"/>
        <line num="61" count="0" type="stmt"/>
        <line num="63" count="0" type="stmt"/>
        <line num="64" count="0" type="cond" truecount="0" falsecount="2"/>
        <line num="65" count="0" type="stmt"/>
        <line num="69" count="0" type="stmt"/>
        <line num="70" count="0" type="stmt"/>
        <line num="71" count="0" type="stmt"/>
        <line num="72" count="0" type="stmt"/>
        <line num="88" count="0" type="stmt"/>
        <line num="100" count="0" type="stmt"/>
        <line num="114" count="0" type="stmt"/>
      </file>
      <file name="LocBanner.jsx" path="C:\Users\fazal\OneDrive\Desktop\ketoproj\frontend\src\components\LocBanner.jsx">
        <metrics statements="1" coveredstatements="0" conditionals="0" coveredconditionals="0" methods="1" coveredmethods="0"/>
        <line num="2" count="0" type="stmt"/>
      </file>
      <file name="Location.jsx" path="C:\Users\fazal\OneDrive\Desktop\ketoproj\frontend\src\components\Location.jsx">
        <metrics statements="1" coveredstatements="0" conditionals="0" coveredconditionals="0" methods="1" coveredmethods="0"/>
        <line num="5" count="0" type="stmt"/>
      </file>
      <file name="Login.jsx" path="C:\Users\fazal\OneDrive\Desktop\ketoproj\frontend\src\components\Login.jsx">
        <metrics statements="75" coveredstatements="0" conditionals="32" coveredconditionals="0" methods="15" coveredmethods="0"/>
        <line num="14" count="0" type="stmt"/>
        <line num="15" count="0" type="stmt"/>
        <line num="16" count="0" type="stmt"/>
        <line num="17" count="0" type="stmt"/>
        <line num="18" count="0" type="stmt"/>
        <line num="19" count="0" type="stmt"/>
        <line num="20" count="0" type="stmt"/>
        <line num="23" count="0" type="stmt"/>
        <line num="24" count="0" type="stmt"/>
        <line num="27" count="0" type="stmt"/>
        <line num="28" count="0" type="stmt"/>
        <line num="29" count="0" type="stmt"/>
        <line num="31" count="0" type="stmt"/>
        <line num="32" count="0" type="stmt"/>
        <line num="33" count="0" type="stmt"/>
        <line num="36" count="0" type="cond" truecount="0" falsecount="2"/>
        <line num="37" count="0" type="stmt"/>
        <line num="39" count="0" type="stmt"/>
        <line num="43" count="0" type="stmt"/>
        <line num="46" count="0" type="stmt"/>
        <line num="47" count="0" type="stmt"/>
        <line num="48" count="0" type="stmt"/>
        <line num="53" count="0" type="stmt"/>
        <line num="61" count="0" type="cond" truecount="0" falsecount="2"/>
        <line num="62" count="0" type="stmt"/>
        <line num="64" count="0" type="stmt"/>
        <line num="66" count="0" type="stmt"/>
        <line num="67" count="0" type="stmt"/>
        <line num="68" count="0" type="stmt"/>
        <line num="71" count="0" type="cond" truecount="0" falsecount="2"/>
        <line num="76" count="0" type="stmt"/>
        <line num="77" count="0" type="stmt"/>
        <line num="78" count="0" type="stmt"/>
        <line num="79" count="0" type="stmt"/>
        <line num="81" count="0" type="stmt"/>
        <line num="83" count="0" type="stmt"/>
        <line num="84" count="0" type="stmt"/>
        <line num="85" count="0" type="stmt"/>
        <line num="86" count="0" type="stmt"/>
        <line num="87" count="0" type="stmt"/>
        <line num="88" count="0" type="stmt"/>
        <line num="93" count="0" type="stmt"/>
        <line num="99" count="0" type="stmt"/>
        <line num="100" count="0" type="stmt"/>
        <line num="101" count="0" type="stmt"/>
        <line num="102" count="0" type="stmt"/>
        <line num="103" count="0" type="stmt"/>
        <line num="107" count="0" type="cond" truecount="0" falsecount="4"/>
        <line num="108" count="0" type="stmt"/>
        <line num="112" count="0" type="stmt"/>
        <line num="113" count="0" type="stmt"/>
        <line num="117" count="0" type="stmt"/>
        <line num="120" count="0" type="stmt"/>
        <line num="121" count="0" type="cond" truecount="0" falsecount="4"/>
        <line num="122" count="0" type="stmt"/>
        <line num="123" count="0" type="stmt"/>
        <line num="127" count="0" type="cond" truecount="0" falsecount="2"/>
        <line num="128" count="0" type="stmt"/>
        <line num="134" count="0" type="stmt"/>
        <line num="135" count="0" type="cond" truecount="0" falsecount="2"/>
        <line num="137" count="0" type="stmt"/>
        <line num="138" count="0" type="stmt"/>
        <line num="139" count="0" type="stmt"/>
        <line num="140" count="0" type="stmt"/>
        <line num="142" count="0" type="cond" truecount="0" falsecount="2"/>
        <line num="143" count="0" type="stmt"/>
        <line num="149" count="0" type="stmt"/>
        <line num="150" count="0" type="stmt"/>
        <line num="158" count="0" type="stmt"/>
        <line num="159" count="0" type="stmt"/>
        <line num="162" count="0" type="stmt"/>
        <line num="168" count="0" type="stmt"/>
        <line num="190" count="0" type="stmt"/>
        <line num="336" count="0" type="stmt"/>
        <line num="346" count="0" type="stmt"/>
      </file>
      <file name="Mail.jsx" path="C:\Users\fazal\OneDrive\Desktop\ketoproj\frontend\src\components\Mail.jsx">
        <metrics statements="1" coveredstatements="0" conditionals="0" coveredconditionals="0" methods="1" coveredmethods="0"/>
        <line num="2" count="0" type="stmt"/>
      </file>
      <file name="Main.jsx" path="C:\Users\fazal\OneDrive\Desktop\ketoproj\frontend\src\components\Main.jsx">
        <metrics statements="14" coveredstatements="0" conditionals="2" coveredconditionals="0" methods="4" coveredmethods="0"/>
        <line num="23" count="0" type="stmt"/>
        <line num="24" count="0" type="stmt"/>
        <line num="26" count="0" type="stmt"/>
        <line num="28" count="0" type="cond" truecount="0" falsecount="2"/>
        <line num="29" count="0" type="stmt"/>
        <line num="30" count="0" type="stmt"/>
        <line num="31" count="0" type="stmt"/>
        <line num="32" count="0" type="stmt"/>
        <line num="34" count="0" type="stmt"/>
        <line num="35" count="0" type="stmt"/>
        <line num="36" count="0" type="stmt"/>
        <line num="43" count="0" type="stmt"/>
        <line num="56" count="0" type="stmt"/>
        <line num="73" count="0" type="stmt"/>
      </file>
      <file name="MainSection.jsx" path="C:\Users\fazal\OneDrive\Desktop\ketoproj\frontend\src\components\MainSection.jsx">
        <metrics statements="4" coveredstatements="4" conditionals="0" coveredconditionals="0" methods="2" coveredmethods="2"/>
        <line num="7" count="2" type="stmt"/>
        <line num="8" count="2" type="stmt"/>
        <line num="9" count="1" type="stmt"/>
        <line num="11" count="2" type="stmt"/>
      </file>
      <file name="Menu.jsx" path="C:\Users\fazal\OneDrive\Desktop\ketoproj\frontend\src\components\Menu.jsx">
        <metrics statements="19" coveredstatements="0" conditionals="6" coveredconditionals="0" methods="12" coveredmethods="0"/>
        <line num="10" count="0" type="stmt"/>
        <line num="17" count="0" type="stmt"/>
        <line num="19" count="0" type="stmt"/>
        <line num="21" count="0" type="stmt"/>
        <line num="25" count="0" type="stmt"/>
        <line num="26" count="0" type="cond" truecount="0" falsecount="2"/>
        <line num="27" count="0" type="stmt"/>
        <line num="28" count="0" type="stmt"/>
        <line num="29" count="0" type="stmt"/>
        <line num="30" count="0" type="stmt"/>
        <line num="31" count="0" type="stmt"/>
        <line num="32" count="0" type="stmt"/>
        <line num="37" count="0" type="cond" truecount="0" falsecount="2"/>
        <line num="38" count="0" type="cond" truecount="0" falsecount="2"/>
        <line num="40" count="0" type="stmt"/>
        <line num="48" count="0" type="stmt"/>
        <line num="55" count="0" type="stmt"/>
        <line num="62" count="0" type="stmt"/>
        <line num="69" count="0" type="stmt"/>
      </file>
      <file name="MenuItems.jsx" path="C:\Users\fazal\OneDrive\Desktop\ketoproj\frontend\src\components\MenuItems.jsx">
        <metrics statements="3" coveredstatements="0" conditionals="0" coveredconditionals="0" methods="2" coveredmethods="0"/>
        <line num="6" count="0" type="stmt"/>
        <line num="7" count="0" type="stmt"/>
        <line num="9" count="0" type="stmt"/>
      </file>
      <file name="ProductCard.jsx" path="C:\Users\fazal\OneDrive\Desktop\ketoproj\frontend\src\components\ProductCard.jsx">
        <metrics statements="1" coveredstatements="1" conditionals="0" coveredconditionals="0" methods="1" coveredmethods="1"/>
        <line num="6" count="3" type="stmt"/>
      </file>
      <file name="Testimonials.jsx" path="C:\Users\fazal\OneDrive\Desktop\ketoproj\frontend\src\components\Testimonials.jsx">
        <metrics statements="15" coveredstatements="11" conditionals="2" coveredconditionals="2" methods="6" coveredmethods="4"/>
        <line num="4" count="1" type="stmt"/>
        <line num="5" count="10" type="stmt"/>
        <line num="7" count="10" type="stmt"/>
        <line num="51" count="1" type="stmt"/>
        <line num="52" count="4" type="stmt"/>
        <line num="53" count="0" type="stmt"/>
        <line num="54" count="0" type="stmt"/>
        <line num="73" count="4" type="stmt"/>
        <line num="74" count="0" type="stmt"/>
        <line num="75" count="0" type="stmt"/>
        <line num="93" count="4" type="cond" truecount="2" falsecount="0"/>
        <line num="94" count="2" type="stmt"/>
        <line num="101" count="2" type="stmt"/>
        <line num="107" count="4" type="stmt"/>
        <line num="121" count="4" type="stmt"/>
      </file>
      <file name="Toast.jsx" path="C:\Users\fazal\OneDrive\Desktop\ketoproj\frontend\src\components\Toast.jsx">
        <metrics statements="3" coveredstatements="0" conditionals="4" coveredconditionals="0" methods="1" coveredmethods="0"/>
        <line num="1" count="0" type="stmt"/>
        <line num="2" count="0" type="cond" truecount="0" falsecount="2"/>
        <line num="4" count="0" type="stmt"/>
      </file>
      <file name="contextAPI.jsx" path="C:\Users\fazal\OneDrive\Desktop\ketoproj\frontend\src\components\contextAPI.jsx">
        <metrics statements="17" coveredstatements="0" conditionals="0" coveredconditionals="0" methods="2" coveredmethods="0"/>
        <line num="5" count="0" type="stmt"/>
        <line num="6" count="0" type="stmt"/>
        <line num="7" count="0" type="stmt"/>
        <line num="8" count="0" type="stmt"/>
        <line num="9" count="0" type="stmt"/>
        <line num="11" count="0" type="stmt"/>
        <line num="15" count="0" type="stmt"/>
        <line num="16" count="0" type="stmt"/>
        <line num="17" count="0" type="stmt"/>
        <line num="18" count="0" type="stmt"/>
        <line num="19" count="0" type="stmt"/>
        <line num="20" count="0" type="stmt"/>
        <line num="22" count="0" type="stmt"/>
        <line num="23" count="0" type="stmt"/>
        <line num="26" count="0" type="stmt"/>
        <line num="29" count="0" type="stmt"/>
        <line num="38" count="0" type="stmt"/>
      </file>
    </package>
    <package name="src.lib">
      <metrics statements="44" coveredstatements="0" conditionals="10" coveredconditionals="0" methods="7" coveredmethods="0"/>
      <file name="api.js" path="C:\Users\fazal\OneDrive\Desktop\ketoproj\frontend\src\lib\api.js">
        <metrics statements="1" coveredstatements="0" conditionals="0" coveredconditionals="0" methods="0" coveredmethods="0"/>
        <line num="3" count="0" type="stmt"/>
      </file>
      <file name="authapi.js" path="C:\Users\fazal\OneDrive\Desktop\ketoproj\frontend\src\lib\authapi.js">
        <metrics statements="13" coveredstatements="0" conditionals="8" coveredconditionals="0" methods="2" coveredmethods="0"/>
        <line num="7" count="0" type="stmt"/>
        <line num="8" count="0" type="stmt"/>
        <line num="10" count="0" type="stmt"/>
        <line num="11" count="0" type="stmt"/>
        <line num="15" count="0" type="cond" truecount="0" falsecount="2"/>
        <line num="16" count="0" type="stmt"/>
        <line num="21" count="0" type="stmt"/>
        <line num="22" count="0" type="stmt"/>
        <line num="26" count="0" type="cond" truecount="0" falsecount="4"/>
        <line num="28" count="0" type="stmt"/>
        <line num="33" count="0" type="stmt"/>
        <line num="35" count="0" type="cond" truecount="0" falsecount="2"/>
        <line num="36" count="0" type="stmt"/>
      </file>
      <file name="cartapi.js" path="C:\Users\fazal\OneDrive\Desktop\ketoproj\frontend\src\lib\cartapi.js">
        <metrics statements="21" coveredstatements="0" conditionals="2" coveredconditionals="0" methods="3" coveredmethods="0"/>
        <line num="5" count="0" type="stmt"/>
        <line num="6" count="0" type="stmt"/>
        <line num="7" count="0" type="stmt"/>
        <line num="8" count="0" type="stmt"/>
        <line num="11" count="0" type="stmt"/>
        <line num="12" count="0" type="stmt"/>
        <line num="17" count="0" type="stmt"/>
        <line num="18" count="0" type="stmt"/>
        <line num="21" count="0" type="stmt"/>
        <line num="23" count="0" type="stmt"/>
        <line num="24" count="0" type="stmt"/>
        <line num="26" count="0" type="stmt"/>
        <line num="28" count="0" type="cond" truecount="0" falsecount="2"/>
        <line num="29" count="0" type="stmt"/>
        <line num="34" count="0" type="stmt"/>
        <line num="35" count="0" type="stmt"/>
        <line num="36" count="0" type="stmt"/>
        <line num="37" count="0" type="stmt"/>
        <line num="38" count="0" type="stmt"/>
        <line num="39" count="0" type="stmt"/>
        <line num="41" count="0" type="stmt"/>
      </file>
      <file name="productapi.js" path="C:\Users\fazal\OneDrive\Desktop\ketoproj\frontend\src\lib\productapi.js">
        <metrics statements="9" coveredstatements="0" conditionals="0" coveredconditionals="0" methods="2" coveredmethods="0"/>
        <line num="4" count="0" type="stmt"/>
        <line num="5" count="0" type="stmt"/>
        <line num="6" count="0" type="stmt"/>
        <line num="8" count="0" type="stmt"/>
        <line num="14" count="0" type="stmt"/>
        <line num="15" count="0" type="stmt"/>
        <line num="16" count="0" type="stmt"/>
        <line num="17" count="0" type="stmt"/>
        <line num="19" count="0" type="stmt"/>
      </file>
    </package>
  </project>
</coverage>
