{"C:\\Users\\fazal\\OneDrive\\Desktop\\ketoproj\\frontend\\src\\App.jsx": {"path":"C:\\Users\\fazal\\OneDrive\\Desktop\\ketoproj\\frontend\\src\\App.jsx","statementMap":{"0":{"start":{"line":17,"column":17},"end":{"line":17,"column":30}},"1":{"start":{"line":18,"column":43},"end":{"line":18,"column":78}},"2":{"start":{"line":19,"column":14},"end":{"line":19,"column":35}},"3":{"start":{"line":22,"column":21},"end":{"line":22,"column":34}},"4":{"start":{"line":24,"column":4},"end":{"line":31,"column":15}},"5":{"start":{"line":25,"column":8},"end":{"line":30,"column":9}},"6":{"start":{"line":26,"column":28},"end":{"line":26,"column":70}},"7":{"start":{"line":27,"column":12},"end":{"line":29,"column":13}},"8":{"start":{"line":28,"column":16},"end":{"line":28,"column":63}},"9":{"start":{"line":33,"column":4},"end":{"line":33,"column":16}},"10":{"start":{"line":35,"column":2},"end":{"line":39,"column":12}},"11":{"start":{"line":36,"column":4},"end":{"line":38,"column":5}},"12":{"start":{"line":37,"column":4},"end":{"line":37,"column":48}},"13":{"start":{"line":40,"column":2},"end":{"line":59,"column":3}}},"fnMap":{"0":{"name":"App","decl":{"start":{"line":16,"column":9},"end":{"line":16,"column":12}},"loc":{"start":{"line":16,"column":14},"end":{"line":60,"column":1}},"line":16},"1":{"name":"ScrollToHash","decl":{"start":{"line":21,"column":11},"end":{"line":21,"column":23}},"loc":{"start":{"line":21,"column":26},"end":{"line":34,"column":1}},"line":21},"2":{"name":"(anonymous_2)","decl":{"start":{"line":24,"column":14},"end":{"line":24,"column":15}},"loc":{"start":{"line":24,"column":20},"end":{"line":31,"column":5}},"line":24},"3":{"name":"(anonymous_3)","decl":{"start":{"line":35,"column":12},"end":{"line":35,"column":13}},"loc":{"start":{"line":35,"column":16},"end":{"line":39,"column":3}},"line":35}},"branchMap":{"0":{"loc":{"start":{"line":25,"column":8},"end":{"line":30,"column":9}},"type":"if","locations":[{"start":{"line":25,"column":8},"end":{"line":30,"column":9}},{"start":{},"end":{}}],"line":25},"1":{"loc":{"start":{"line":27,"column":12},"end":{"line":29,"column":13}},"type":"if","locations":[{"start":{"line":27,"column":12},"end":{"line":29,"column":13}},{"start":{},"end":{}}],"line":27},"2":{"loc":{"start":{"line":36,"column":4},"end":{"line":38,"column":5}},"type":"if","locations":[{"start":{"line":36,"column":4},"end":{"line":38,"column":5}},{"start":{},"end":{}}],"line":36},"3":{"loc":{"start":{"line":49,"column":41},"end":{"line":49,"column":112}},"type":"cond-expr","locations":[{"start":{"line":49,"column":58},"end":{"line":49,"column":65}},{"start":{"line":49,"column":66},"end":{"line":49,"column":112}}],"line":49}},"s":{"0":0,"1":0,"2":0,"3":0,"4":0,"5":0,"6":0,"7":0,"8":0,"9":0,"10":0,"11":0,"12":0,"13":0},"f":{"0":0,"1":0,"2":0,"3":0},"b":{"0":[0,0],"1":[0,0],"2":[0,0],"3":[0,0]}}
,"C:\\Users\\fazal\\OneDrive\\Desktop\\ketoproj\\frontend\\src\\main.jsx": {"path":"C:\\Users\\fazal\\OneDrive\\Desktop\\ketoproj\\frontend\\src\\main.jsx","statementMap":{"0":{"start":{"line":12,"column":20},"end":{"line":12,"column":37}},"1":{"start":{"line":14,"column":0},"end":{"line":26,"column":2}}},"fnMap":{},"branchMap":{},"s":{"0":0,"1":0},"f":{},"b":{}}
,"C:\\Users\\fazal\\OneDrive\\Desktop\\ketoproj\\frontend\\src\\ReduxStore\\Authenticate.js": {"path":"C:\\Users\\fazal\\OneDrive\\Desktop\\ketoproj\\frontend\\src\\ReduxStore\\Authenticate.js","statementMap":{"0":{"start":{"line":3,"column":16},"end":{"line":25,"column":2}},"1":{"start":{"line":11,"column":12},"end":{"line":11,"column":31}},"2":{"start":{"line":12,"column":12},"end":{"line":12,"column":53}},"3":{"start":{"line":15,"column":12},"end":{"line":15,"column":32}},"4":{"start":{"line":18,"column":12},"end":{"line":18,"column":42}},"5":{"start":{"line":21,"column":12},"end":{"line":21,"column":48}},"6":{"start":{"line":26,"column":24},"end":{"line":26,"column":41}},"7":{"start":{"line":28,"column":25},"end":{"line":28,"column":42}}},"fnMap":{"0":{"name":"(anonymous_0)","decl":{"start":{"line":10,"column":8},"end":{"line":10,"column":9}},"loc":{"start":{"line":10,"column":20},"end":{"line":13,"column":9}},"line":10},"1":{"name":"(anonymous_1)","decl":{"start":{"line":14,"column":8},"end":{"line":14,"column":9}},"loc":{"start":{"line":14,"column":21},"end":{"line":16,"column":9}},"line":14},"2":{"name":"(anonymous_2)","decl":{"start":{"line":17,"column":8},"end":{"line":17,"column":9}},"loc":{"start":{"line":17,"column":39},"end":{"line":19,"column":9}},"line":17},"3":{"name":"(anonymous_3)","decl":{"start":{"line":20,"column":8},"end":{"line":20,"column":9}},"loc":{"start":{"line":20,"column":39},"end":{"line":22,"column":9}},"line":20}},"branchMap":{},"s":{"0":0,"1":0,"2":0,"3":0,"4":0,"5":0,"6":0,"7":0},"f":{"0":0,"1":0,"2":0,"3":0},"b":{}}
,"C:\\Users\\fazal\\OneDrive\\Desktop\\ketoproj\\frontend\\src\\ReduxStore\\dataCart.js": {"path":"C:\\Users\\fazal\\OneDrive\\Desktop\\ketoproj\\frontend\\src\\ReduxStore\\dataCart.js","statementMap":{"0":{"start":{"line":4,"column":16},"end":{"line":15,"column":2}},"1":{"start":{"line":11,"column":12},"end":{"line":11,"column":44}},"2":{"start":{"line":16,"column":24},"end":{"line":16,"column":41}},"3":{"start":{"line":18,"column":25},"end":{"line":18,"column":42}}},"fnMap":{"0":{"name":"(anonymous_0)","decl":{"start":{"line":10,"column":8},"end":{"line":10,"column":9}},"loc":{"start":{"line":10,"column":33},"end":{"line":12,"column":9}},"line":10}},"branchMap":{},"s":{"0":0,"1":0,"2":0,"3":0},"f":{"0":0},"b":{}}
,"C:\\Users\\fazal\\OneDrive\\Desktop\\ketoproj\\frontend\\src\\ReduxStore\\store.js": {"path":"C:\\Users\\fazal\\OneDrive\\Desktop\\ketoproj\\frontend\\src\\ReduxStore\\store.js","statementMap":{"0":{"start":{"line":6,"column":12},"end":{"line":11,"column":2}}},"fnMap":{},"branchMap":{},"s":{"0":0},"f":{},"b":{}}
,"C:\\Users\\fazal\\OneDrive\\Desktop\\ketoproj\\frontend\\src\\components\\AboutUs.jsx": {"path":"C:\\Users\\fazal\\OneDrive\\Desktop\\ketoproj\\frontend\\src\\components\\AboutUs.jsx","statementMap":{"0":{"start":{"line":7,"column":4},"end":{"line":25,"column":6}}},"fnMap":{"0":{"name":"AboutUs","decl":{"start":{"line":6,"column":9},"end":{"line":6,"column":16}},"loc":{"start":{"line":6,"column":24},"end":{"line":26,"column":1}},"line":6}},"branchMap":{},"s":{"0":0},"f":{"0":0},"b":{}}
,"C:\\Users\\fazal\\OneDrive\\Desktop\\ketoproj\\frontend\\src\\components\\AddBtn.jsx": {"path":"C:\\Users\\fazal\\OneDrive\\Desktop\\ketoproj\\frontend\\src\\components\\AddBtn.jsx","statementMap":{"0":{"start":{"line":9,"column":19},"end":{"line":9,"column":32}},"1":{"start":{"line":10,"column":18},"end":{"line":10,"column":67}},"2":{"start":{"line":10,"column":41},"end":{"line":10,"column":66}},"3":{"start":{"line":11,"column":36},"end":{"line":11,"column":51}},"4":{"start":{"line":12,"column":38},"end":{"line":12,"column":53}},"5":{"start":{"line":14,"column":22},"end":{"line":14,"column":38}},"6":{"start":{"line":15,"column":21},"end":{"line":38,"column":4}},"7":{"start":{"line":19,"column":6},"end":{"line":19,"column":55}},"8":{"start":{"line":22,"column":6},"end":{"line":31,"column":7}},"9":{"start":{"line":23,"column":8},"end":{"line":23,"column":65}},"10":{"start":{"line":24,"column":8},"end":{"line":24,"column":42}},"11":{"start":{"line":26,"column":8},"end":{"line":26,"column":77}},"12":{"start":{"line":27,"column":8},"end":{"line":27,"column":27}},"13":{"start":{"line":30,"column":8},"end":{"line":30,"column":52}},"14":{"start":{"line":30,"column":25},"end":{"line":30,"column":44}},"15":{"start":{"line":34,"column":6},"end":{"line":34,"column":36}},"16":{"start":{"line":35,"column":6},"end":{"line":35,"column":47}},"17":{"start":{"line":36,"column":6},"end":{"line":36,"column":26}},"18":{"start":{"line":41,"column":4},"end":{"line":41,"column":34}},"19":{"start":{"line":42,"column":16},"end":{"line":48,"column":5}},"20":{"start":{"line":49,"column":4},"end":{"line":49,"column":27}},"21":{"start":{"line":52,"column":2},"end":{"line":119,"column":4}},"22":{"start":{"line":76,"column":29},"end":{"line":76,"column":48}},"23":{"start":{"line":92,"column":23},"end":{"line":92,"column":43}},"24":{"start":{"line":103,"column":4},"end":{"line":103,"column":23}},"25":{"start":{"line":104,"column":4},"end":{"line":104,"column":24}},"26":{"start":{"line":105,"column":4},"end":{"line":105,"column":25}}},"fnMap":{"0":{"name":"AddBtnComponent","decl":{"start":{"line":8,"column":9},"end":{"line":8,"column":24}},"loc":{"start":{"line":8,"column":32},"end":{"line":120,"column":1}},"line":8},"1":{"name":"(anonymous_1)","decl":{"start":{"line":10,"column":30},"end":{"line":10,"column":31}},"loc":{"start":{"line":10,"column":41},"end":{"line":10,"column":66}},"line":10},"2":{"name":"(anonymous_2)","decl":{"start":{"line":17,"column":15},"end":{"line":17,"column":16}},"loc":{"start":{"line":17,"column":29},"end":{"line":32,"column":5}},"line":17},"3":{"name":"(anonymous_3)","decl":{"start":{"line":30,"column":19},"end":{"line":30,"column":20}},"loc":{"start":{"line":30,"column":25},"end":{"line":30,"column":44}},"line":30},"4":{"name":"(anonymous_4)","decl":{"start":{"line":33,"column":13},"end":{"line":33,"column":14}},"loc":{"start":{"line":33,"column":24},"end":{"line":37,"column":5}},"line":33},"5":{"name":"sendToFb","decl":{"start":{"line":40,"column":12},"end":{"line":40,"column":20}},"loc":{"start":{"line":40,"column":25},"end":{"line":50,"column":3}},"line":40},"6":{"name":"(anonymous_6)","decl":{"start":{"line":76,"column":23},"end":{"line":76,"column":24}},"loc":{"start":{"line":76,"column":29},"end":{"line":76,"column":48}},"line":76},"7":{"name":"(anonymous_7)","decl":{"start":{"line":92,"column":17},"end":{"line":92,"column":18}},"loc":{"start":{"line":92,"column":23},"end":{"line":92,"column":43}},"line":92},"8":{"name":"(anonymous_8)","decl":{"start":{"line":102,"column":11},"end":{"line":102,"column":12}},"loc":{"start":{"line":102,"column":18},"end":{"line":106,"column":3}},"line":102}},"branchMap":{"0":{"loc":{"start":{"line":22,"column":6},"end":{"line":31,"column":7}},"type":"if","locations":[{"start":{"line":22,"column":6},"end":{"line":31,"column":7}},{"start":{},"end":{}}],"line":22},"1":{"loc":{"start":{"line":54,"column":7},"end":{"line":82,"column":7}},"type":"binary-expr","locations":[{"start":{"line":54,"column":7},"end":{"line":54,"column":16}},{"start":{"line":55,"column":8},"end":{"line":81,"column":14}}],"line":54},"2":{"loc":{"start":{"line":83,"column":7},"end":{"line":99,"column":1}},"type":"binary-expr","locations":[{"start":{"line":83,"column":7},"end":{"line":83,"column":17}},{"start":{"line":84,"column":2},"end":{"line":98,"column":8}}],"line":83},"3":{"loc":{"start":{"line":108,"column":6},"end":{"line":108,"column":127}},"type":"cond-expr","locations":[{"start":{"line":108,"column":29},"end":{"line":108,"column":61}},{"start":{"line":108,"column":64},"end":{"line":108,"column":127}}],"line":108},"4":{"loc":{"start":{"line":111,"column":3},"end":{"line":115,"column":3}},"type":"cond-expr","locations":[{"start":{"line":112,"column":4},"end":{"line":112,"column":63}},{"start":{"line":114,"column":4},"end":{"line":114,"column":18}}],"line":111}},"s":{"0":0,"1":0,"2":0,"3":0,"4":0,"5":0,"6":0,"7":0,"8":0,"9":0,"10":0,"11":0,"12":0,"13":0,"14":0,"15":0,"16":0,"17":0,"18":0,"19":0,"20":0,"21":0,"22":0,"23":0,"24":0,"25":0,"26":0},"f":{"0":0,"1":0,"2":0,"3":0,"4":0,"5":0,"6":0,"7":0,"8":0},"b":{"0":[0,0],"1":[0,0],"2":[0,0],"3":[0,0],"4":[0,0]}}
,"C:\\Users\\fazal\\OneDrive\\Desktop\\ketoproj\\frontend\\src\\components\\Banner.jsx": {"path":"C:\\Users\\fazal\\OneDrive\\Desktop\\ketoproj\\frontend\\src\\components\\Banner.jsx","statementMap":{"0":{"start":{"line":2,"column":4},"end":{"line":26,"column":6}}},"fnMap":{"0":{"name":"Banner","decl":{"start":{"line":1,"column":9},"end":{"line":1,"column":15}},"loc":{"start":{"line":1,"column":18},"end":{"line":27,"column":3}},"line":1}},"branchMap":{},"s":{"0":0},"f":{"0":0},"b":{}}
,"C:\\Users\\fazal\\OneDrive\\Desktop\\ketoproj\\frontend\\src\\components\\Cards.jsx": {"path":"C:\\Users\\fazal\\OneDrive\\Desktop\\ketoproj\\frontend\\src\\components\\Cards.jsx","statementMap":{"0":{"start":{"line":2,"column":4},"end":{"line":14,"column":5}}},"fnMap":{"0":{"name":"Cards","decl":{"start":{"line":1,"column":9},"end":{"line":1,"column":14}},"loc":{"start":{"line":1,"column":22},"end":{"line":15,"column":2}},"line":1}},"branchMap":{},"s":{"0":3},"f":{"0":3},"b":{},"_coverageSchema":"1a1c01bbd47fc00a2c39e90264f33305004495a9","hash":"b6c5af45dfddba2d10b16397d8d16ca5ef180683"}
,"C:\\Users\\fazal\\OneDrive\\Desktop\\ketoproj\\frontend\\src\\components\\Cart.jsx": {"path":"C:\\Users\\fazal\\OneDrive\\Desktop\\ketoproj\\frontend\\src\\components\\Cart.jsx","statementMap":{"0":{"start":{"line":10,"column":18},"end":{"line":10,"column":67}},"1":{"start":{"line":10,"column":41},"end":{"line":10,"column":66}},"2":{"start":{"line":11,"column":26},"end":{"line":11,"column":36}},"3":{"start":{"line":12,"column":44},"end":{"line":12,"column":55}},"4":{"start":{"line":18,"column":6},"end":{"line":22,"column":4}},"5":{"start":{"line":20,"column":19},"end":{"line":20,"column":39}},"6":{"start":{"line":24,"column":2},"end":{"line":33,"column":17}},"7":{"start":{"line":25,"column":4},"end":{"line":32,"column":5}},"8":{"start":{"line":26,"column":6},"end":{"line":26,"column":24}},"9":{"start":{"line":27,"column":20},"end":{"line":30,"column":7}},"10":{"start":{"line":28,"column":23},"end":{"line":28,"column":65}},"11":{"start":{"line":31,"column":6},"end":{"line":31,"column":41}},"12":{"start":{"line":35,"column":2},"end":{"line":95,"column":4}},"13":{"start":{"line":42,"column":14},"end":{"line":73,"column":20}}},"fnMap":{"0":{"name":"Cart","decl":{"start":{"line":9,"column":9},"end":{"line":9,"column":13}},"loc":{"start":{"line":9,"column":16},"end":{"line":96,"column":1}},"line":9},"1":{"name":"(anonymous_1)","decl":{"start":{"line":10,"column":30},"end":{"line":10,"column":31}},"loc":{"start":{"line":10,"column":41},"end":{"line":10,"column":66}},"line":10},"2":{"name":"(anonymous_2)","decl":{"start":{"line":20,"column":13},"end":{"line":20,"column":14}},"loc":{"start":{"line":20,"column":19},"end":{"line":20,"column":39}},"line":20},"3":{"name":"(anonymous_3)","decl":{"start":{"line":24,"column":12},"end":{"line":24,"column":13}},"loc":{"start":{"line":24,"column":18},"end":{"line":33,"column":3}},"line":24},"4":{"name":"(anonymous_4)","decl":{"start":{"line":28,"column":8},"end":{"line":28,"column":9}},"loc":{"start":{"line":28,"column":23},"end":{"line":28,"column":65}},"line":28},"5":{"name":"(anonymous_5)","decl":{"start":{"line":41,"column":25},"end":{"line":41,"column":26}},"loc":{"start":{"line":42,"column":14},"end":{"line":73,"column":20}},"line":42}},"branchMap":{"0":{"loc":{"start":{"line":25,"column":4},"end":{"line":32,"column":5}},"type":"if","locations":[{"start":{"line":25,"column":4},"end":{"line":32,"column":5}},{"start":{},"end":{}}],"line":25},"1":{"loc":{"start":{"line":40,"column":11},"end":{"line":77,"column":11}},"type":"cond-expr","locations":[{"start":{"line":41,"column":12},"end":{"line":74,"column":14}},{"start":{"line":76,"column":12},"end":{"line":76,"column":81}}],"line":40}},"s":{"0":0,"1":0,"2":0,"3":0,"4":0,"5":0,"6":0,"7":0,"8":0,"9":0,"10":0,"11":0,"12":0,"13":0},"f":{"0":0,"1":0,"2":0,"3":0,"4":0,"5":0},"b":{"0":[0,0],"1":[0,0]}}
,"C:\\Users\\fazal\\OneDrive\\Desktop\\ketoproj\\frontend\\src\\components\\Categories.jsx": {"path":"C:\\Users\\fazal\\OneDrive\\Desktop\\ketoproj\\frontend\\src\\components\\Categories.jsx","statementMap":{"0":{"start":{"line":4,"column":3},"end":{"line":31,"column":4}}},"fnMap":{"0":{"name":"Categories","decl":{"start":{"line":3,"column":9},"end":{"line":3,"column":19}},"loc":{"start":{"line":3,"column":26},"end":{"line":32,"column":1}},"line":3}},"branchMap":{},"s":{"0":6},"f":{"0":6},"b":{},"_coverageSchema":"1a1c01bbd47fc00a2c39e90264f33305004495a9","hash":"8700aa4ebc67ed83b4434358343e40783f8a4395"}
,"C:\\Users\\fazal\\OneDrive\\Desktop\\ketoproj\\frontend\\src\\components\\Category.jsx": {"path":"C:\\Users\\fazal\\OneDrive\\Desktop\\ketoproj\\frontend\\src\\components\\Category.jsx","statementMap":{"0":{"start":{"line":4,"column":3},"end":{"line":25,"column":4}}},"fnMap":{"0":{"name":"Category","decl":{"start":{"line":3,"column":9},"end":{"line":3,"column":17}},"loc":{"start":{"line":3,"column":25},"end":{"line":26,"column":1}},"line":3}},"branchMap":{},"s":{"0":3},"f":{"0":3},"b":{},"_coverageSchema":"1a1c01bbd47fc00a2c39e90264f33305004495a9","hash":"ab2db88cb084d1c23e16a282a1fa791355250d43"}
,"C:\\Users\\fazal\\OneDrive\\Desktop\\ketoproj\\frontend\\src\\components\\Contact.jsx": {"path":"C:\\Users\\fazal\\OneDrive\\Desktop\\ketoproj\\frontend\\src\\components\\Contact.jsx","statementMap":{"0":{"start":{"line":7,"column":4},"end":{"line":20,"column":6}}},"fnMap":{"0":{"name":"Contact","decl":{"start":{"line":6,"column":9},"end":{"line":6,"column":16}},"loc":{"start":{"line":6,"column":24},"end":{"line":21,"column":1}},"line":6}},"branchMap":{},"s":{"0":0},"f":{"0":0},"b":{}}
,"C:\\Users\\fazal\\OneDrive\\Desktop\\ketoproj\\frontend\\src\\components\\ContactForm.jsx": {"path":"C:\\Users\\fazal\\OneDrive\\Desktop\\ketoproj\\frontend\\src\\components\\ContactForm.jsx","statementMap":{"0":{"start":{"line":2,"column":4},"end":{"line":14,"column":6}}},"fnMap":{"0":{"name":"ContactForm","decl":{"start":{"line":1,"column":9},"end":{"line":1,"column":20}},"loc":{"start":{"line":1,"column":23},"end":{"line":15,"column":1}},"line":1}},"branchMap":{},"s":{"0":0},"f":{"0":0},"b":{}}
,"C:\\Users\\fazal\\OneDrive\\Desktop\\ketoproj\\frontend\\src\\components\\DelBtn.jsx": {"path":"C:\\Users\\fazal\\OneDrive\\Desktop\\ketoproj\\frontend\\src\\components\\DelBtn.jsx","statementMap":{"0":{"start":{"line":7,"column":24},"end":{"line":7,"column":40}},"1":{"start":{"line":8,"column":20},"end":{"line":8,"column":69}},"2":{"start":{"line":8,"column":43},"end":{"line":8,"column":68}},"3":{"start":{"line":9,"column":38},"end":{"line":9,"column":53}},"4":{"start":{"line":12,"column":20},"end":{"line":15,"column":9}},"5":{"start":{"line":16,"column":8},"end":{"line":18,"column":9}},"6":{"start":{"line":17,"column":12},"end":{"line":17,"column":37}},"7":{"start":{"line":21,"column":25},"end":{"line":34,"column":6}},"8":{"start":{"line":24,"column":12},"end":{"line":24,"column":40}},"9":{"start":{"line":25,"column":12},"end":{"line":25,"column":70}},"10":{"start":{"line":26,"column":12},"end":{"line":26,"column":31}},"11":{"start":{"line":29,"column":12},"end":{"line":29,"column":56}},"12":{"start":{"line":29,"column":29},"end":{"line":29,"column":48}},"13":{"start":{"line":32,"column":12},"end":{"line":32,"column":43}},"14":{"start":{"line":36,"column":4},"end":{"line":87,"column":6}},"15":{"start":{"line":60,"column":43},"end":{"line":60,"column":62}},"16":{"start":{"line":71,"column":35},"end":{"line":71,"column":60}}},"fnMap":{"0":{"name":"DeleteBtnComponent","decl":{"start":{"line":6,"column":9},"end":{"line":6,"column":27}},"loc":{"start":{"line":6,"column":35},"end":{"line":88,"column":1}},"line":6},"1":{"name":"(anonymous_1)","decl":{"start":{"line":8,"column":32},"end":{"line":8,"column":33}},"loc":{"start":{"line":8,"column":43},"end":{"line":8,"column":68}},"line":8},"2":{"name":"deleteHandler","decl":{"start":{"line":11,"column":13},"end":{"line":11,"column":26}},"loc":{"start":{"line":11,"column":31},"end":{"line":19,"column":5}},"line":11},"3":{"name":"(anonymous_3)","decl":{"start":{"line":23,"column":19},"end":{"line":23,"column":20}},"loc":{"start":{"line":23,"column":25},"end":{"line":30,"column":9}},"line":23},"4":{"name":"(anonymous_4)","decl":{"start":{"line":29,"column":23},"end":{"line":29,"column":24}},"loc":{"start":{"line":29,"column":29},"end":{"line":29,"column":48}},"line":29},"5":{"name":"(anonymous_5)","decl":{"start":{"line":31,"column":17},"end":{"line":31,"column":18}},"loc":{"start":{"line":31,"column":28},"end":{"line":33,"column":9}},"line":31},"6":{"name":"(anonymous_6)","decl":{"start":{"line":60,"column":37},"end":{"line":60,"column":38}},"loc":{"start":{"line":60,"column":43},"end":{"line":60,"column":62}},"line":60},"7":{"name":"(anonymous_7)","decl":{"start":{"line":71,"column":29},"end":{"line":71,"column":30}},"loc":{"start":{"line":71,"column":35},"end":{"line":71,"column":60}},"line":71}},"branchMap":{"0":{"loc":{"start":{"line":16,"column":8},"end":{"line":18,"column":9}},"type":"if","locations":[{"start":{"line":16,"column":8},"end":{"line":18,"column":9}},{"start":{},"end":{}}],"line":16},"1":{"loc":{"start":{"line":38,"column":13},"end":{"line":66,"column":13}},"type":"binary-expr","locations":[{"start":{"line":38,"column":13},"end":{"line":38,"column":22}},{"start":{"line":39,"column":16},"end":{"line":65,"column":22}}],"line":38},"2":{"loc":{"start":{"line":67,"column":13},"end":{"line":85,"column":13}},"type":"cond-expr","locations":[{"start":{"line":68,"column":16},"end":{"line":68,"column":145}},{"start":{"line":70,"column":16},"end":{"line":84,"column":25}}],"line":67}},"s":{"0":0,"1":0,"2":0,"3":0,"4":0,"5":0,"6":0,"7":0,"8":0,"9":0,"10":0,"11":0,"12":0,"13":0,"14":0,"15":0,"16":0},"f":{"0":0,"1":0,"2":0,"3":0,"4":0,"5":0,"6":0,"7":0},"b":{"0":[0,0],"1":[0,0],"2":[0,0]}}
,"C:\\Users\\fazal\\OneDrive\\Desktop\\ketoproj\\frontend\\src\\components\\Description.jsx": {"path":"C:\\Users\\fazal\\OneDrive\\Desktop\\ketoproj\\frontend\\src\\components\\Description.jsx","statementMap":{"0":{"start":{"line":2,"column":4},"end":{"line":21,"column":6}}},"fnMap":{"0":{"name":"Description","decl":{"start":{"line":1,"column":9},"end":{"line":1,"column":20}},"loc":{"start":{"line":1,"column":23},"end":{"line":22,"column":3}},"line":1}},"branchMap":{},"s":{"0":0},"f":{"0":0},"b":{}}
,"C:\\Users\\fazal\\OneDrive\\Desktop\\ketoproj\\frontend\\src\\components\\Description2.jsx": {"path":"C:\\Users\\fazal\\OneDrive\\Desktop\\ketoproj\\frontend\\src\\components\\Description2.jsx","statementMap":{"0":{"start":{"line":4,"column":19},"end":{"line":4,"column":32}},"1":{"start":{"line":5,"column":22},"end":{"line":7,"column":5}},"2":{"start":{"line":6,"column":8},"end":{"line":6,"column":25}},"3":{"start":{"line":8,"column":4},"end":{"line":31,"column":6}}},"fnMap":{"0":{"name":"Description2","decl":{"start":{"line":3,"column":9},"end":{"line":3,"column":21}},"loc":{"start":{"line":3,"column":24},"end":{"line":32,"column":1}},"line":3},"1":{"name":"(anonymous_1)","decl":{"start":{"line":5,"column":22},"end":{"line":5,"column":23}},"loc":{"start":{"line":5,"column":26},"end":{"line":7,"column":5}},"line":5}},"branchMap":{},"s":{"0":0,"1":0,"2":0,"3":0},"f":{"0":0,"1":0},"b":{}}
,"C:\\Users\\fazal\\OneDrive\\Desktop\\ketoproj\\frontend\\src\\components\\Description3.jsx": {"path":"C:\\Users\\fazal\\OneDrive\\Desktop\\ketoproj\\frontend\\src\\components\\Description3.jsx","statementMap":{"0":{"start":{"line":2,"column":4},"end":{"line":27,"column":6}}},"fnMap":{"0":{"name":"Description3","decl":{"start":{"line":1,"column":9},"end":{"line":1,"column":21}},"loc":{"start":{"line":1,"column":24},"end":{"line":28,"column":1}},"line":1}},"branchMap":{},"s":{"0":0},"f":{"0":0},"b":{}}
,"C:\\Users\\fazal\\OneDrive\\Desktop\\ketoproj\\frontend\\src\\components\\Dynamic.jsx": {"path":"C:\\Users\\fazal\\OneDrive\\Desktop\\ketoproj\\frontend\\src\\components\\Dynamic.jsx","statementMap":{"0":{"start":{"line":13,"column":19},"end":{"line":13,"column":30}},"1":{"start":{"line":14,"column":44},"end":{"line":14,"column":58}},"2":{"start":{"line":15,"column":21},"end":{"line":15,"column":34}},"3":{"start":{"line":16,"column":20},"end":{"line":16,"column":67}},"4":{"start":{"line":16,"column":41},"end":{"line":16,"column":66}},"5":{"start":{"line":17,"column":24},"end":{"line":17,"column":40}},"6":{"start":{"line":18,"column":38},"end":{"line":18,"column":53}},"7":{"start":{"line":19,"column":40},"end":{"line":19,"column":55}},"8":{"start":{"line":21,"column":21},"end":{"line":42,"column":6}},"9":{"start":{"line":24,"column":12},"end":{"line":24,"column":61}},"10":{"start":{"line":27,"column":12},"end":{"line":35,"column":61}},"11":{"start":{"line":28,"column":16},"end":{"line":28,"column":73}},"12":{"start":{"line":29,"column":16},"end":{"line":29,"column":51}},"13":{"start":{"line":31,"column":16},"end":{"line":31,"column":85}},"14":{"start":{"line":32,"column":16},"end":{"line":32,"column":35}},"15":{"start":{"line":35,"column":16},"end":{"line":35,"column":60}},"16":{"start":{"line":35,"column":33},"end":{"line":35,"column":52}},"17":{"start":{"line":38,"column":24},"end":{"line":38,"column":52}},"18":{"start":{"line":39,"column":24},"end":{"line":39,"column":65}},"19":{"start":{"line":40,"column":24},"end":{"line":40,"column":44}},"20":{"start":{"line":43,"column":83},"end":{"line":49,"column":6}},"21":{"start":{"line":45,"column":20},"end":{"line":45,"column":38}},"22":{"start":{"line":47,"column":12},"end":{"line":47,"column":50}},"23":{"start":{"line":64,"column":4},"end":{"line":66,"column":20}},"24":{"start":{"line":65,"column":8},"end":{"line":65,"column":36}},"25":{"start":{"line":70,"column":18},"end":{"line":76,"column":9}},"26":{"start":{"line":77,"column":8},"end":{"line":77,"column":30}},"27":{"start":{"line":81,"column":4},"end":{"line":83,"column":5}},"28":{"start":{"line":82,"column":8},"end":{"line":82,"column":37}},"29":{"start":{"line":85,"column":4},"end":{"line":164,"column":5}},"30":{"start":{"line":109,"column":33},"end":{"line":109,"column":52}},"31":{"start":{"line":125,"column":23},"end":{"line":125,"column":43}},"32":{"start":{"line":152,"column":31},"end":{"line":152,"column":96}}},"fnMap":{"0":{"name":"Dynamic","decl":{"start":{"line":12,"column":9},"end":{"line":12,"column":16}},"loc":{"start":{"line":12,"column":18},"end":{"line":165,"column":1}},"line":12},"1":{"name":"(anonymous_1)","decl":{"start":{"line":16,"column":32},"end":{"line":16,"column":33}},"loc":{"start":{"line":16,"column":41},"end":{"line":16,"column":66}},"line":16},"2":{"name":"(anonymous_2)","decl":{"start":{"line":23,"column":18},"end":{"line":23,"column":19}},"loc":{"start":{"line":23,"column":30},"end":{"line":36,"column":21}},"line":23},"3":{"name":"(anonymous_3)","decl":{"start":{"line":35,"column":27},"end":{"line":35,"column":28}},"loc":{"start":{"line":35,"column":33},"end":{"line":35,"column":52}},"line":35},"4":{"name":"(anonymous_4)","decl":{"start":{"line":37,"column":28},"end":{"line":37,"column":29}},"loc":{"start":{"line":37,"column":37},"end":{"line":41,"column":21}},"line":37},"5":{"name":"(anonymous_5)","decl":{"start":{"line":45,"column":16},"end":{"line":45,"column":17}},"loc":{"start":{"line":45,"column":20},"end":{"line":45,"column":38}},"line":45},"6":{"name":"(anonymous_6)","decl":{"start":{"line":46,"column":18},"end":{"line":46,"column":19}},"loc":{"start":{"line":46,"column":25},"end":{"line":48,"column":9}},"line":46},"7":{"name":"(anonymous_7)","decl":{"start":{"line":64,"column":14},"end":{"line":64,"column":15}},"loc":{"start":{"line":64,"column":18},"end":{"line":66,"column":5}},"line":64},"8":{"name":"sendToFb","decl":{"start":{"line":69,"column":19},"end":{"line":69,"column":27}},"loc":{"start":{"line":69,"column":31},"end":{"line":78,"column":5}},"line":69},"9":{"name":"(anonymous_9)","decl":{"start":{"line":109,"column":27},"end":{"line":109,"column":28}},"loc":{"start":{"line":109,"column":33},"end":{"line":109,"column":52}},"line":109},"10":{"name":"(anonymous_10)","decl":{"start":{"line":125,"column":17},"end":{"line":125,"column":18}},"loc":{"start":{"line":125,"column":23},"end":{"line":125,"column":43}},"line":125},"11":{"name":"(anonymous_11)","decl":{"start":{"line":152,"column":25},"end":{"line":152,"column":26}},"loc":{"start":{"line":152,"column":31},"end":{"line":152,"column":96}},"line":152}},"branchMap":{"0":{"loc":{"start":{"line":27,"column":12},"end":{"line":35,"column":61}},"type":"if","locations":[{"start":{"line":27,"column":12},"end":{"line":35,"column":61}},{"start":{},"end":{}}],"line":27},"1":{"loc":{"start":{"line":81,"column":4},"end":{"line":83,"column":5}},"type":"if","locations":[{"start":{"line":81,"column":4},"end":{"line":83,"column":5}},{"start":{},"end":{}}],"line":81},"2":{"loc":{"start":{"line":89,"column":11},"end":{"line":115,"column":11}},"type":"binary-expr","locations":[{"start":{"line":89,"column":11},"end":{"line":89,"column":20}},{"start":{"line":90,"column":12},"end":{"line":114,"column":18}}],"line":89},"3":{"loc":{"start":{"line":116,"column":11},"end":{"line":132,"column":1}},"type":"binary-expr","locations":[{"start":{"line":116,"column":11},"end":{"line":116,"column":21}},{"start":{"line":117,"column":2},"end":{"line":131,"column":8}}],"line":116}},"s":{"0":0,"1":0,"2":0,"3":0,"4":0,"5":0,"6":0,"7":0,"8":0,"9":0,"10":0,"11":0,"12":0,"13":0,"14":0,"15":0,"16":0,"17":0,"18":0,"19":0,"20":0,"21":0,"22":0,"23":0,"24":0,"25":0,"26":0,"27":0,"28":0,"29":0,"30":0,"31":0,"32":0},"f":{"0":0,"1":0,"2":0,"3":0,"4":0,"5":0,"6":0,"7":0,"8":0,"9":0,"10":0,"11":0},"b":{"0":[0,0],"1":[0,0],"2":[0,0],"3":[0,0]}}
,"C:\\Users\\fazal\\OneDrive\\Desktop\\ketoproj\\frontend\\src\\components\\FAQ.jsx": {"path":"C:\\Users\\fazal\\OneDrive\\Desktop\\ketoproj\\frontend\\src\\components\\FAQ.jsx","statementMap":{"0":{"start":{"line":6,"column":42},"end":{"line":6,"column":56}},"1":{"start":{"line":8,"column":28},"end":{"line":10,"column":5}},"2":{"start":{"line":9,"column":8},"end":{"line":9,"column":61}},"3":{"start":{"line":12,"column":4},"end":{"line":145,"column":6}},"4":{"start":{"line":22,"column":39},"end":{"line":22,"column":57}},"5":{"start":{"line":53,"column":39},"end":{"line":53,"column":57}},"6":{"start":{"line":84,"column":39},"end":{"line":84,"column":57}},"7":{"start":{"line":115,"column":39},"end":{"line":115,"column":57}}},"fnMap":{"0":{"name":"FAQ","decl":{"start":{"line":5,"column":9},"end":{"line":5,"column":12}},"loc":{"start":{"line":5,"column":15},"end":{"line":146,"column":1}},"line":5},"1":{"name":"(anonymous_1)","decl":{"start":{"line":8,"column":28},"end":{"line":8,"column":29}},"loc":{"start":{"line":8,"column":39},"end":{"line":10,"column":5}},"line":8},"2":{"name":"(anonymous_2)","decl":{"start":{"line":22,"column":33},"end":{"line":22,"column":34}},"loc":{"start":{"line":22,"column":39},"end":{"line":22,"column":57}},"line":22},"3":{"name":"(anonymous_3)","decl":{"start":{"line":53,"column":33},"end":{"line":53,"column":34}},"loc":{"start":{"line":53,"column":39},"end":{"line":53,"column":57}},"line":53},"4":{"name":"(anonymous_4)","decl":{"start":{"line":84,"column":33},"end":{"line":84,"column":34}},"loc":{"start":{"line":84,"column":39},"end":{"line":84,"column":57}},"line":84},"5":{"name":"(anonymous_5)","decl":{"start":{"line":115,"column":33},"end":{"line":115,"column":34}},"loc":{"start":{"line":115,"column":39},"end":{"line":115,"column":57}},"line":115}},"branchMap":{"0":{"loc":{"start":{"line":9,"column":23},"end":{"line":9,"column":59}},"type":"cond-expr","locations":[{"start":{"line":9,"column":47},"end":{"line":9,"column":51}},{"start":{"line":9,"column":54},"end":{"line":9,"column":59}}],"line":9},"1":{"loc":{"start":{"line":28,"column":32},"end":{"line":28,"column":69}},"type":"cond-expr","locations":[{"start":{"line":28,"column":52},"end":{"line":28,"column":64}},{"start":{"line":28,"column":67},"end":{"line":28,"column":69}}],"line":28},"2":{"loc":{"start":{"line":43,"column":21},"end":{"line":47,"column":21}},"type":"binary-expr","locations":[{"start":{"line":43,"column":21},"end":{"line":43,"column":38}},{"start":{"line":44,"column":24},"end":{"line":46,"column":30}}],"line":43},"3":{"loc":{"start":{"line":59,"column":32},"end":{"line":59,"column":69}},"type":"cond-expr","locations":[{"start":{"line":59,"column":52},"end":{"line":59,"column":64}},{"start":{"line":59,"column":67},"end":{"line":59,"column":69}}],"line":59},"4":{"loc":{"start":{"line":74,"column":21},"end":{"line":78,"column":21}},"type":"binary-expr","locations":[{"start":{"line":74,"column":21},"end":{"line":74,"column":38}},{"start":{"line":75,"column":24},"end":{"line":77,"column":30}}],"line":74},"5":{"loc":{"start":{"line":90,"column":32},"end":{"line":90,"column":69}},"type":"cond-expr","locations":[{"start":{"line":90,"column":52},"end":{"line":90,"column":64}},{"start":{"line":90,"column":67},"end":{"line":90,"column":69}}],"line":90},"6":{"loc":{"start":{"line":105,"column":21},"end":{"line":109,"column":21}},"type":"binary-expr","locations":[{"start":{"line":105,"column":21},"end":{"line":105,"column":38}},{"start":{"line":106,"column":24},"end":{"line":108,"column":30}}],"line":105},"7":{"loc":{"start":{"line":121,"column":32},"end":{"line":121,"column":69}},"type":"cond-expr","locations":[{"start":{"line":121,"column":52},"end":{"line":121,"column":64}},{"start":{"line":121,"column":67},"end":{"line":121,"column":69}}],"line":121},"8":{"loc":{"start":{"line":136,"column":21},"end":{"line":140,"column":21}},"type":"binary-expr","locations":[{"start":{"line":136,"column":21},"end":{"line":136,"column":38}},{"start":{"line":137,"column":24},"end":{"line":139,"column":30}}],"line":136}},"s":{"0":0,"1":0,"2":0,"3":0,"4":0,"5":0,"6":0,"7":0},"f":{"0":0,"1":0,"2":0,"3":0,"4":0,"5":0},"b":{"0":[0,0],"1":[0,0],"2":[0,0],"3":[0,0],"4":[0,0],"5":[0,0],"6":[0,0],"7":[0,0],"8":[0,0]}}
,"C:\\Users\\fazal\\OneDrive\\Desktop\\ketoproj\\frontend\\src\\components\\Footer.jsx": {"path":"C:\\Users\\fazal\\OneDrive\\Desktop\\ketoproj\\frontend\\src\\components\\Footer.jsx","statementMap":{"0":{"start":{"line":4,"column":4},"end":{"line":84,"column":6}}},"fnMap":{"0":{"name":"Footer","decl":{"start":{"line":3,"column":9},"end":{"line":3,"column":15}},"loc":{"start":{"line":3,"column":18},"end":{"line":85,"column":3}},"line":3}},"branchMap":{},"s":{"0":0},"f":{"0":0},"b":{}}
,"C:\\Users\\fazal\\OneDrive\\Desktop\\ketoproj\\frontend\\src\\components\\Header.jsx": {"path":"C:\\Users\\fazal\\OneDrive\\Desktop\\ketoproj\\frontend\\src\\components\\Header.jsx","statementMap":{"0":{"start":{"line":11,"column":19},"end":{"line":11,"column":32}},"1":{"start":{"line":12,"column":40},"end":{"line":12,"column":55}},"2":{"start":{"line":13,"column":25},"end":{"line":13,"column":79}},"3":{"start":{"line":13,"column":46},"end":{"line":13,"column":78}},"4":{"start":{"line":14,"column":18},"end":{"line":14,"column":65}},"5":{"start":{"line":14,"column":39},"end":{"line":14,"column":64}},"6":{"start":{"line":15,"column":30},"end":{"line":15,"column":83}},"7":{"start":{"line":17,"column":28},"end":{"line":17,"column":39}},"8":{"start":{"line":19,"column":24},"end":{"line":22,"column":5}},"9":{"start":{"line":20,"column":6},"end":{"line":20,"column":51}},"10":{"start":{"line":21,"column":6},"end":{"line":21,"column":72}},"11":{"start":{"line":21,"column":23},"end":{"line":21,"column":63}},"12":{"start":{"line":25,"column":6},"end":{"line":32,"column":7}},"13":{"start":{"line":26,"column":8},"end":{"line":26,"column":36}},"14":{"start":{"line":28,"column":8},"end":{"line":28,"column":51}},"15":{"start":{"line":29,"column":8},"end":{"line":29,"column":48}},"16":{"start":{"line":29,"column":25},"end":{"line":29,"column":40}},"17":{"start":{"line":31,"column":8},"end":{"line":31,"column":46}},"18":{"start":{"line":35,"column":6},"end":{"line":35,"column":51}},"19":{"start":{"line":36,"column":6},"end":{"line":36,"column":54}},"20":{"start":{"line":42,"column":8},"end":{"line":54,"column":4}},"21":{"start":{"line":44,"column":21},"end":{"line":44,"column":41}},"22":{"start":{"line":47,"column":10},"end":{"line":47,"column":60}},"23":{"start":{"line":48,"column":10},"end":{"line":48,"column":23}},"24":{"start":{"line":57,"column":34},"end":{"line":62,"column":3}},"25":{"start":{"line":58,"column":4},"end":{"line":58,"column":71}},"26":{"start":{"line":61,"column":4},"end":{"line":61,"column":36}},"27":{"start":{"line":63,"column":4},"end":{"line":67,"column":17}},"28":{"start":{"line":64,"column":6},"end":{"line":66,"column":7}},"29":{"start":{"line":65,"column":8},"end":{"line":65,"column":35}},"30":{"start":{"line":69,"column":4},"end":{"line":73,"column":23}},"31":{"start":{"line":70,"column":6},"end":{"line":70,"column":40}},"32":{"start":{"line":71,"column":4},"end":{"line":71,"column":46}},"33":{"start":{"line":72,"column":4},"end":{"line":72,"column":17}},"34":{"start":{"line":88,"column":4},"end":{"line":167,"column":10}},"35":{"start":{"line":100,"column":35},"end":{"line":100,"column":75}},"36":{"start":{"line":114,"column":31},"end":{"line":114,"column":57}}},"fnMap":{"0":{"name":"Header","decl":{"start":{"line":10,"column":9},"end":{"line":10,"column":15}},"loc":{"start":{"line":10,"column":23},"end":{"line":168,"column":7}},"line":10},"1":{"name":"(anonymous_1)","decl":{"start":{"line":13,"column":37},"end":{"line":13,"column":38}},"loc":{"start":{"line":13,"column":46},"end":{"line":13,"column":78}},"line":13},"2":{"name":"(anonymous_2)","decl":{"start":{"line":14,"column":30},"end":{"line":14,"column":31}},"loc":{"start":{"line":14,"column":39},"end":{"line":14,"column":64}},"line":14},"3":{"name":"(anonymous_3)","decl":{"start":{"line":19,"column":24},"end":{"line":19,"column":25}},"loc":{"start":{"line":19,"column":43},"end":{"line":22,"column":5}},"line":19},"4":{"name":"(anonymous_4)","decl":{"start":{"line":21,"column":17},"end":{"line":21,"column":18}},"loc":{"start":{"line":21,"column":23},"end":{"line":21,"column":63}},"line":21},"5":{"name":"LogOutHandler","decl":{"start":{"line":23,"column":19},"end":{"line":23,"column":32}},"loc":{"start":{"line":23,"column":34},"end":{"line":37,"column":5}},"line":23},"6":{"name":"(anonymous_6)","decl":{"start":{"line":29,"column":19},"end":{"line":29,"column":20}},"loc":{"start":{"line":29,"column":25},"end":{"line":29,"column":40}},"line":29},"7":{"name":"(anonymous_7)","decl":{"start":{"line":44,"column":15},"end":{"line":44,"column":16}},"loc":{"start":{"line":44,"column":21},"end":{"line":44,"column":41}},"line":44},"8":{"name":"(anonymous_8)","decl":{"start":{"line":46,"column":15},"end":{"line":46,"column":16}},"loc":{"start":{"line":46,"column":26},"end":{"line":49,"column":7}},"line":46},"9":{"name":"(anonymous_9)","decl":{"start":{"line":57,"column":34},"end":{"line":57,"column":35}},"loc":{"start":{"line":57,"column":40},"end":{"line":62,"column":3}},"line":57},"10":{"name":"(anonymous_10)","decl":{"start":{"line":63,"column":14},"end":{"line":63,"column":15}},"loc":{"start":{"line":63,"column":18},"end":{"line":67,"column":5}},"line":63},"11":{"name":"(anonymous_11)","decl":{"start":{"line":69,"column":14},"end":{"line":69,"column":15}},"loc":{"start":{"line":69,"column":18},"end":{"line":73,"column":5}},"line":69},"12":{"name":"(anonymous_12)","decl":{"start":{"line":100,"column":29},"end":{"line":100,"column":30}},"loc":{"start":{"line":100,"column":35},"end":{"line":100,"column":75}},"line":100},"13":{"name":"(anonymous_13)","decl":{"start":{"line":114,"column":25},"end":{"line":114,"column":26}},"loc":{"start":{"line":114,"column":31},"end":{"line":114,"column":57}},"line":114}},"branchMap":{"0":{"loc":{"start":{"line":64,"column":6},"end":{"line":66,"column":7}},"type":"if","locations":[{"start":{"line":64,"column":6},"end":{"line":66,"column":7}},{"start":{},"end":{}}],"line":64},"1":{"loc":{"start":{"line":96,"column":17},"end":{"line":102,"column":17}},"type":"binary-expr","locations":[{"start":{"line":96,"column":17},"end":{"line":96,"column":32}},{"start":{"line":97,"column":18},"end":{"line":101,"column":20}}],"line":96},"2":{"loc":{"start":{"line":121,"column":33},"end":{"line":121,"column":63}},"type":"cond-expr","locations":[{"start":{"line":121,"column":46},"end":{"line":121,"column":52}},{"start":{"line":121,"column":55},"end":{"line":121,"column":63}}],"line":121},"3":{"loc":{"start":{"line":157,"column":17},"end":{"line":163,"column":17}},"type":"binary-expr","locations":[{"start":{"line":157,"column":17},"end":{"line":157,"column":24}},{"start":{"line":158,"column":18},"end":{"line":162,"column":24}}],"line":157}},"s":{"0":0,"1":0,"2":0,"3":0,"4":0,"5":0,"6":0,"7":0,"8":0,"9":0,"10":0,"11":0,"12":0,"13":0,"14":0,"15":0,"16":0,"17":0,"18":0,"19":0,"20":0,"21":0,"22":0,"23":0,"24":0,"25":0,"26":0,"27":0,"28":0,"29":0,"30":0,"31":0,"32":0,"33":0,"34":0,"35":0,"36":0},"f":{"0":0,"1":0,"2":0,"3":0,"4":0,"5":0,"6":0,"7":0,"8":0,"9":0,"10":0,"11":0,"12":0,"13":0},"b":{"0":[0,0],"1":[0,0],"2":[0,0],"3":[0,0]}}
,"C:\\Users\\fazal\\OneDrive\\Desktop\\ketoproj\\frontend\\src\\components\\LocBanner.jsx": {"path":"C:\\Users\\fazal\\OneDrive\\Desktop\\ketoproj\\frontend\\src\\components\\LocBanner.jsx","statementMap":{"0":{"start":{"line":2,"column":4},"end":{"line":20,"column":6}}},"fnMap":{"0":{"name":"LocBanner","decl":{"start":{"line":1,"column":9},"end":{"line":1,"column":18}},"loc":{"start":{"line":1,"column":21},"end":{"line":21,"column":3}},"line":1}},"branchMap":{},"s":{"0":0},"f":{"0":0},"b":{}}
,"C:\\Users\\fazal\\OneDrive\\Desktop\\ketoproj\\frontend\\src\\components\\Location.jsx": {"path":"C:\\Users\\fazal\\OneDrive\\Desktop\\ketoproj\\frontend\\src\\components\\Location.jsx","statementMap":{"0":{"start":{"line":5,"column":4},"end":{"line":11,"column":5}}},"fnMap":{"0":{"name":"Location","decl":{"start":{"line":4,"column":9},"end":{"line":4,"column":17}},"loc":{"start":{"line":4,"column":19},"end":{"line":12,"column":1}},"line":4}},"branchMap":{},"s":{"0":0},"f":{"0":0},"b":{}}
,"C:\\Users\\fazal\\OneDrive\\Desktop\\ketoproj\\frontend\\src\\components\\Login.jsx": {"path":"C:\\Users\\fazal\\OneDrive\\Desktop\\ketoproj\\frontend\\src\\components\\Login.jsx","statementMap":{"0":{"start":{"line":14,"column":19},"end":{"line":14,"column":32}},"1":{"start":{"line":15,"column":34},"end":{"line":15,"column":46}},"2":{"start":{"line":16,"column":48},"end":{"line":16,"column":60}},"3":{"start":{"line":17,"column":2},"end":{"line":17,"column":34}},"4":{"start":{"line":18,"column":32},"end":{"line":18,"column":46}},"5":{"start":{"line":19,"column":19},"end":{"line":19,"column":32}},"6":{"start":{"line":20,"column":28},"end":{"line":20,"column":81}},"7":{"start":{"line":23,"column":20},"end":{"line":23,"column":65}},"8":{"start":{"line":24,"column":19},"end":{"line":24,"column":61}},"9":{"start":{"line":27,"column":22},"end":{"line":30,"column":3}},"10":{"start":{"line":28,"column":4},"end":{"line":28,"column":49}},"11":{"start":{"line":29,"column":4},"end":{"line":29,"column":70}},"12":{"start":{"line":29,"column":21},"end":{"line":29,"column":61}},"13":{"start":{"line":31,"column":31},"end":{"line":41,"column":3}},"14":{"start":{"line":32,"column":18},"end":{"line":32,"column":32}},"15":{"start":{"line":33,"column":4},"end":{"line":33,"column":23}},"16":{"start":{"line":36,"column":4},"end":{"line":40,"column":5}},"17":{"start":{"line":37,"column":6},"end":{"line":37,"column":71}},"18":{"start":{"line":39,"column":6},"end":{"line":39,"column":73}},"19":{"start":{"line":43,"column":17},"end":{"line":73,"column":3}},"20":{"start":{"line":46,"column":4},"end":{"line":46,"column":20}},"21":{"start":{"line":47,"column":17},"end":{"line":47,"column":32}},"22":{"start":{"line":48,"column":24},"end":{"line":52,"column":10}},"23":{"start":{"line":53,"column":18},"end":{"line":59,"column":7}},"24":{"start":{"line":61,"column":6},"end":{"line":65,"column":7}},"25":{"start":{"line":62,"column":8},"end":{"line":62,"column":51}},"26":{"start":{"line":64,"column":8},"end":{"line":64,"column":38}},"27":{"start":{"line":66,"column":6},"end":{"line":66,"column":56}},"28":{"start":{"line":67,"column":6},"end":{"line":67,"column":57}},"29":{"start":{"line":68,"column":6},"end":{"line":68,"column":20}},"30":{"start":{"line":71,"column":4},"end":{"line":71,"column":77}},"31":{"start":{"line":76,"column":28},"end":{"line":115,"column":5}},"32":{"start":{"line":77,"column":4},"end":{"line":114,"column":7}},"33":{"start":{"line":78,"column":21},"end":{"line":78,"column":58}},"34":{"start":{"line":79,"column":6},"end":{"line":79,"column":54}},"35":{"start":{"line":81,"column":20},"end":{"line":81,"column":31}},"36":{"start":{"line":83,"column":26},"end":{"line":83,"column":42}},"37":{"start":{"line":84,"column":22},"end":{"line":84,"column":51}},"38":{"start":{"line":85,"column":6},"end":{"line":85,"column":52}},"39":{"start":{"line":86,"column":23},"end":{"line":86,"column":33}},"40":{"start":{"line":87,"column":6},"end":{"line":87,"column":53}},"41":{"start":{"line":88,"column":6},"end":{"line":92,"column":8}},"42":{"start":{"line":93,"column":6},"end":{"line":97,"column":9}},"43":{"start":{"line":99,"column":6},"end":{"line":99,"column":38}},"44":{"start":{"line":100,"column":6},"end":{"line":100,"column":48}},"45":{"start":{"line":101,"column":6},"end":{"line":101,"column":40}},"46":{"start":{"line":102,"column":6},"end":{"line":102,"column":46}},"47":{"start":{"line":103,"column":17},"end":{"line":106,"column":7}},"48":{"start":{"line":107,"column":6},"end":{"line":109,"column":7}},"49":{"start":{"line":108,"column":8},"end":{"line":108,"column":32}},"50":{"start":{"line":112,"column":8},"end":{"line":112,"column":53}},"51":{"start":{"line":113,"column":8},"end":{"line":113,"column":54}},"52":{"start":{"line":117,"column":21},"end":{"line":131,"column":4}},"53":{"start":{"line":120,"column":6},"end":{"line":120,"column":52}},"54":{"start":{"line":121,"column":10},"end":{"line":124,"column":11}},"55":{"start":{"line":122,"column":10},"end":{"line":122,"column":81}},"56":{"start":{"line":123,"column":10},"end":{"line":123,"column":44}},"57":{"start":{"line":123,"column":25},"end":{"line":123,"column":38}},"58":{"start":{"line":127,"column":6},"end":{"line":127,"column":79}},"59":{"start":{"line":128,"column":6},"end":{"line":128,"column":52}},"60":{"start":{"line":134,"column":23},"end":{"line":160,"column":3}},"61":{"start":{"line":135,"column":16},"end":{"line":135,"column":46}},"62":{"start":{"line":137,"column":4},"end":{"line":137,"column":23}},"63":{"start":{"line":138,"column":4},"end":{"line":138,"column":32}},"64":{"start":{"line":139,"column":18},"end":{"line":139,"column":38}},"65":{"start":{"line":140,"column":21},"end":{"line":140,"column":44}},"66":{"start":{"line":142,"column":4},"end":{"line":157,"column":5}},"67":{"start":{"line":143,"column":6},"end":{"line":148,"column":7}},"68":{"start":{"line":149,"column":23},"end":{"line":149,"column":46}},"69":{"start":{"line":150,"column":8},"end":{"line":156,"column":12}},"70":{"start":{"line":158,"column":4},"end":{"line":158,"column":41}},"71":{"start":{"line":159,"column":4},"end":{"line":159,"column":25}},"72":{"start":{"line":162,"column":2},"end":{"line":358,"column":4}},"73":{"start":{"line":168,"column":27},"end":{"line":168,"column":67}},"74":{"start":{"line":190,"column":14},"end":{"line":205,"column":19}},"75":{"start":{"line":336,"column":33},"end":{"line":336,"column":50}},"76":{"start":{"line":346,"column":33},"end":{"line":346,"column":49}}},"fnMap":{"0":{"name":"Login","decl":{"start":{"line":12,"column":9},"end":{"line":12,"column":14}},"loc":{"start":{"line":12,"column":22},"end":{"line":359,"column":1}},"line":12},"1":{"name":"(anonymous_1)","decl":{"start":{"line":27,"column":22},"end":{"line":27,"column":23}},"loc":{"start":{"line":27,"column":41},"end":{"line":30,"column":3}},"line":27},"2":{"name":"(anonymous_2)","decl":{"start":{"line":29,"column":15},"end":{"line":29,"column":16}},"loc":{"start":{"line":29,"column":21},"end":{"line":29,"column":61}},"line":29},"3":{"name":"(anonymous_3)","decl":{"start":{"line":31,"column":31},"end":{"line":31,"column":32}},"loc":{"start":{"line":31,"column":38},"end":{"line":41,"column":3}},"line":31},"4":{"name":"(anonymous_4)","decl":{"start":{"line":45,"column":12},"end":{"line":45,"column":13}},"loc":{"start":{"line":45,"column":19},"end":{"line":69,"column":3}},"line":45},"5":{"name":"(anonymous_5)","decl":{"start":{"line":70,"column":10},"end":{"line":70,"column":11}},"loc":{"start":{"line":70,"column":19},"end":{"line":72,"column":3}},"line":70},"6":{"name":"(anonymous_6)","decl":{"start":{"line":76,"column":28},"end":{"line":76,"column":29}},"loc":{"start":{"line":76,"column":40},"end":{"line":115,"column":5}},"line":76},"7":{"name":"(anonymous_7)","decl":{"start":{"line":119,"column":14},"end":{"line":119,"column":15}},"loc":{"start":{"line":119,"column":30},"end":{"line":125,"column":5}},"line":119},"8":{"name":"(anonymous_8)","decl":{"start":{"line":123,"column":21},"end":{"line":123,"column":22}},"loc":{"start":{"line":123,"column":25},"end":{"line":123,"column":38}},"line":123},"9":{"name":"(anonymous_9)","decl":{"start":{"line":126,"column":12},"end":{"line":126,"column":13}},"loc":{"start":{"line":126,"column":21},"end":{"line":130,"column":5}},"line":126},"10":{"name":"(anonymous_10)","decl":{"start":{"line":134,"column":23},"end":{"line":134,"column":24}},"loc":{"start":{"line":134,"column":30},"end":{"line":160,"column":3}},"line":134},"11":{"name":"(anonymous_11)","decl":{"start":{"line":168,"column":21},"end":{"line":168,"column":22}},"loc":{"start":{"line":168,"column":27},"end":{"line":168,"column":67}},"line":168},"12":{"name":"(anonymous_12)","decl":{"start":{"line":189,"column":18},"end":{"line":189,"column":19}},"loc":{"start":{"line":190,"column":14},"end":{"line":205,"column":19}},"line":190},"13":{"name":"(anonymous_13)","decl":{"start":{"line":336,"column":27},"end":{"line":336,"column":28}},"loc":{"start":{"line":336,"column":33},"end":{"line":336,"column":50}},"line":336},"14":{"name":"(anonymous_14)","decl":{"start":{"line":346,"column":27},"end":{"line":346,"column":28}},"loc":{"start":{"line":346,"column":33},"end":{"line":346,"column":49}},"line":346}},"branchMap":{"0":{"loc":{"start":{"line":36,"column":4},"end":{"line":40,"column":5}},"type":"if","locations":[{"start":{"line":36,"column":4},"end":{"line":40,"column":5}},{"start":{"line":38,"column":11},"end":{"line":40,"column":5}}],"line":36},"1":{"loc":{"start":{"line":61,"column":6},"end":{"line":65,"column":7}},"type":"if","locations":[{"start":{"line":61,"column":6},"end":{"line":65,"column":7}},{"start":{"line":63,"column":13},"end":{"line":65,"column":7}}],"line":61},"2":{"loc":{"start":{"line":71,"column":38},"end":{"line":71,"column":75}},"type":"binary-expr","locations":[{"start":{"line":71,"column":38},"end":{"line":71,"column":58}},{"start":{"line":71,"column":62},"end":{"line":71,"column":75}}],"line":71},"3":{"loc":{"start":{"line":107,"column":6},"end":{"line":109,"column":7}},"type":"if","locations":[{"start":{"line":107,"column":6},"end":{"line":109,"column":7}},{"start":{},"end":{}}],"line":107},"4":{"loc":{"start":{"line":107,"column":9},"end":{"line":107,"column":55}},"type":"binary-expr","locations":[{"start":{"line":107,"column":9},"end":{"line":107,"column":28}},{"start":{"line":107,"column":32},"end":{"line":107,"column":55}}],"line":107},"5":{"loc":{"start":{"line":121,"column":10},"end":{"line":124,"column":11}},"type":"if","locations":[{"start":{"line":121,"column":10},"end":{"line":124,"column":11}},{"start":{},"end":{}}],"line":121},"6":{"loc":{"start":{"line":121,"column":14},"end":{"line":121,"column":48}},"type":"binary-expr","locations":[{"start":{"line":121,"column":14},"end":{"line":121,"column":41}},{"start":{"line":121,"column":45},"end":{"line":121,"column":48}}],"line":121},"7":{"loc":{"start":{"line":127,"column":40},"end":{"line":127,"column":77}},"type":"binary-expr","locations":[{"start":{"line":127,"column":40},"end":{"line":127,"column":60}},{"start":{"line":127,"column":64},"end":{"line":127,"column":77}}],"line":127},"8":{"loc":{"start":{"line":135,"column":16},"end":{"line":135,"column":46}},"type":"cond-expr","locations":[{"start":{"line":135,"column":26},"end":{"line":135,"column":34}},{"start":{"line":135,"column":37},"end":{"line":135,"column":46}}],"line":135},"9":{"loc":{"start":{"line":142,"column":4},"end":{"line":157,"column":5}},"type":"if","locations":[{"start":{"line":142,"column":4},"end":{"line":157,"column":5}},{"start":{"line":148,"column":12},"end":{"line":157,"column":5}}],"line":142},"10":{"loc":{"start":{"line":164,"column":9},"end":{"line":170,"column":9}},"type":"binary-expr","locations":[{"start":{"line":164,"column":9},"end":{"line":164,"column":24}},{"start":{"line":165,"column":10},"end":{"line":169,"column":12}}],"line":164},"11":{"loc":{"start":{"line":212,"column":13},"end":{"line":212,"column":61}},"type":"cond-expr","locations":[{"start":{"line":212,"column":23},"end":{"line":212,"column":37}},{"start":{"line":212,"column":40},"end":{"line":212,"column":61}}],"line":212},"12":{"loc":{"start":{"line":264,"column":13},"end":{"line":273,"column":13}},"type":"binary-expr","locations":[{"start":{"line":264,"column":13},"end":{"line":264,"column":21}},{"start":{"line":265,"column":14},"end":{"line":272,"column":20}}],"line":264},"13":{"loc":{"start":{"line":293,"column":18},"end":{"line":293,"column":74}},"type":"cond-expr","locations":[{"start":{"line":293,"column":41},"end":{"line":293,"column":57}},{"start":{"line":293,"column":60},"end":{"line":293,"column":74}}],"line":293},"14":{"loc":{"start":{"line":304,"column":15},"end":{"line":327,"column":15}},"type":"cond-expr","locations":[{"start":{"line":305,"column":16},"end":{"line":324,"column":22}},{"start":{"line":326,"column":16},"end":{"line":326,"column":26}}],"line":304},"15":{"loc":{"start":{"line":332,"column":13},"end":{"line":352,"column":13}},"type":"cond-expr","locations":[{"start":{"line":333,"column":14},"end":{"line":341,"column":18}},{"start":{"line":343,"column":14},"end":{"line":351,"column":18}}],"line":332}},"s":{"0":0,"1":0,"2":0,"3":0,"4":0,"5":0,"6":0,"7":0,"8":0,"9":0,"10":0,"11":0,"12":0,"13":0,"14":0,"15":0,"16":0,"17":0,"18":0,"19":0,"20":0,"21":0,"22":0,"23":0,"24":0,"25":0,"26":0,"27":0,"28":0,"29":0,"30":0,"31":0,"32":0,"33":0,"34":0,"35":0,"36":0,"37":0,"38":0,"39":0,"40":0,"41":0,"42":0,"43":0,"44":0,"45":0,"46":0,"47":0,"48":0,"49":0,"50":0,"51":0,"52":0,"53":0,"54":0,"55":0,"56":0,"57":0,"58":0,"59":0,"60":0,"61":0,"62":0,"63":0,"64":0,"65":0,"66":0,"67":0,"68":0,"69":0,"70":0,"71":0,"72":0,"73":0,"74":0,"75":0,"76":0},"f":{"0":0,"1":0,"2":0,"3":0,"4":0,"5":0,"6":0,"7":0,"8":0,"9":0,"10":0,"11":0,"12":0,"13":0,"14":0},"b":{"0":[0,0],"1":[0,0],"2":[0,0],"3":[0,0],"4":[0,0],"5":[0,0],"6":[0,0],"7":[0,0],"8":[0,0],"9":[0,0],"10":[0,0],"11":[0,0],"12":[0,0],"13":[0,0],"14":[0,0],"15":[0,0]}}
,"C:\\Users\\fazal\\OneDrive\\Desktop\\ketoproj\\frontend\\src\\components\\Mail.jsx": {"path":"C:\\Users\\fazal\\OneDrive\\Desktop\\ketoproj\\frontend\\src\\components\\Mail.jsx","statementMap":{"0":{"start":{"line":2,"column":4},"end":{"line":16,"column":6}}},"fnMap":{"0":{"name":"Mail","decl":{"start":{"line":1,"column":9},"end":{"line":1,"column":13}},"loc":{"start":{"line":1,"column":16},"end":{"line":17,"column":3}},"line":1}},"branchMap":{},"s":{"0":0},"f":{"0":0},"b":{}}
,"C:\\Users\\fazal\\OneDrive\\Desktop\\ketoproj\\frontend\\src\\components\\Main.jsx": {"path":"C:\\Users\\fazal\\OneDrive\\Desktop\\ketoproj\\frontend\\src\\components\\Main.jsx","statementMap":{"0":{"start":{"line":23,"column":36},"end":{"line":23,"column":46}},"1":{"start":{"line":24,"column":52},"end":{"line":38,"column":4}},"2":{"start":{"line":26,"column":19},"end":{"line":26,"column":35}},"3":{"start":{"line":28,"column":23},"end":{"line":28,"column":49}},"4":{"start":{"line":29,"column":23},"end":{"line":29,"column":36}},"5":{"start":{"line":30,"column":6},"end":{"line":33,"column":7}},"6":{"start":{"line":30,"column":19},"end":{"line":30,"column":38}},"7":{"start":{"line":31,"column":18},"end":{"line":31,"column":53}},"8":{"start":{"line":32,"column":8},"end":{"line":32,"column":64}},"9":{"start":{"line":34,"column":23},"end":{"line":34,"column":43}},"10":{"start":{"line":35,"column":6},"end":{"line":35,"column":28}},"11":{"start":{"line":36,"column":6},"end":{"line":36,"column":22}},"12":{"start":{"line":43,"column":17},"end":{"line":54,"column":3}},"13":{"start":{"line":56,"column":2},"end":{"line":118,"column":4}},"14":{"start":{"line":73,"column":7},"end":{"line":73,"column":48}}},"fnMap":{"0":{"name":"Main","decl":{"start":{"line":22,"column":9},"end":{"line":22,"column":13}},"loc":{"start":{"line":22,"column":21},"end":{"line":119,"column":1}},"line":22},"1":{"name":"(anonymous_1)","decl":{"start":{"line":26,"column":13},"end":{"line":26,"column":14}},"loc":{"start":{"line":26,"column":19},"end":{"line":26,"column":35}},"line":26},"2":{"name":"(anonymous_2)","decl":{"start":{"line":27,"column":12},"end":{"line":27,"column":13}},"loc":{"start":{"line":27,"column":22},"end":{"line":37,"column":5}},"line":27},"3":{"name":"(anonymous_3)","decl":{"start":{"line":72,"column":23},"end":{"line":72,"column":24}},"loc":{"start":{"line":73,"column":7},"end":{"line":73,"column":48}},"line":73}},"branchMap":{"0":{"loc":{"start":{"line":28,"column":23},"end":{"line":28,"column":49}},"type":"binary-expr","locations":[{"start":{"line":28,"column":23},"end":{"line":28,"column":43}},{"start":{"line":28,"column":47},"end":{"line":28,"column":49}}],"line":28}},"s":{"0":0,"1":0,"2":0,"3":0,"4":0,"5":0,"6":0,"7":0,"8":0,"9":0,"10":0,"11":0,"12":0,"13":0,"14":0},"f":{"0":0,"1":0,"2":0,"3":0},"b":{"0":[0,0]}}
,"C:\\Users\\fazal\\OneDrive\\Desktop\\ketoproj\\frontend\\src\\components\\MainSection.jsx": {"path":"C:\\Users\\fazal\\OneDrive\\Desktop\\ketoproj\\frontend\\src\\components\\MainSection.jsx","statementMap":{"0":{"start":{"line":7,"column":17},"end":{"line":7,"column":30}},"1":{"start":{"line":8,"column":20},"end":{"line":10,"column":3}},"2":{"start":{"line":9,"column":4},"end":{"line":9,"column":21}},"3":{"start":{"line":11,"column":4},"end":{"line":42,"column":6}}},"fnMap":{"0":{"name":"MainSection","decl":{"start":{"line":6,"column":9},"end":{"line":6,"column":20}},"loc":{"start":{"line":6,"column":23},"end":{"line":43,"column":3}},"line":6},"1":{"name":"(anonymous_1)","decl":{"start":{"line":8,"column":20},"end":{"line":8,"column":21}},"loc":{"start":{"line":8,"column":24},"end":{"line":10,"column":3}},"line":8}},"branchMap":{},"s":{"0":2,"1":2,"2":1,"3":2},"f":{"0":2,"1":1},"b":{},"_coverageSchema":"1a1c01bbd47fc00a2c39e90264f33305004495a9","hash":"47453637ae1b5618b422b794c2c5d33f414aca6e"}
,"C:\\Users\\fazal\\OneDrive\\Desktop\\ketoproj\\frontend\\src\\components\\Menu.jsx": {"path":"C:\\Users\\fazal\\OneDrive\\Desktop\\ketoproj\\frontend\\src\\components\\Menu.jsx","statementMap":{"0":{"start":{"line":10,"column":36},"end":{"line":15,"column":4}},"1":{"start":{"line":17,"column":90},"end":{"line":23,"column":4}},"2":{"start":{"line":19,"column":19},"end":{"line":19,"column":35}},"3":{"start":{"line":21,"column":6},"end":{"line":21,"column":45}},"4":{"start":{"line":25,"column":2},"end":{"line":35,"column":20}},"5":{"start":{"line":26,"column":4},"end":{"line":34,"column":5}},"6":{"start":{"line":27,"column":23},"end":{"line":27,"column":48}},"7":{"start":{"line":28,"column":6},"end":{"line":33,"column":9}},"8":{"start":{"line":29,"column":44},"end":{"line":29,"column":73}},"9":{"start":{"line":30,"column":48},"end":{"line":30,"column":77}},"10":{"start":{"line":31,"column":40},"end":{"line":31,"column":65}},"11":{"start":{"line":32,"column":44},"end":{"line":32,"column":68}},"12":{"start":{"line":37,"column":2},"end":{"line":37,"column":55}},"13":{"start":{"line":37,"column":26},"end":{"line":37,"column":55}},"14":{"start":{"line":38,"column":2},"end":{"line":38,"column":57}},"15":{"start":{"line":38,"column":24},"end":{"line":38,"column":57}},"16":{"start":{"line":40,"column":2},"end":{"line":76,"column":4}},"17":{"start":{"line":48,"column":14},"end":{"line":48,"column":63}},"18":{"start":{"line":55,"column":14},"end":{"line":55,"column":63}},"19":{"start":{"line":62,"column":14},"end":{"line":62,"column":63}},"20":{"start":{"line":69,"column":14},"end":{"line":69,"column":63}}},"fnMap":{"0":{"name":"Menu","decl":{"start":{"line":9,"column":9},"end":{"line":9,"column":13}},"loc":{"start":{"line":9,"column":21},"end":{"line":77,"column":1}},"line":9},"1":{"name":"(anonymous_1)","decl":{"start":{"line":19,"column":13},"end":{"line":19,"column":14}},"loc":{"start":{"line":19,"column":19},"end":{"line":19,"column":35}},"line":19},"2":{"name":"(anonymous_2)","decl":{"start":{"line":20,"column":15},"end":{"line":20,"column":16}},"loc":{"start":{"line":20,"column":24},"end":{"line":22,"column":5}},"line":20},"3":{"name":"(anonymous_3)","decl":{"start":{"line":25,"column":12},"end":{"line":25,"column":13}},"loc":{"start":{"line":25,"column":18},"end":{"line":35,"column":3}},"line":25},"4":{"name":"(anonymous_4)","decl":{"start":{"line":29,"column":36},"end":{"line":29,"column":37}},"loc":{"start":{"line":29,"column":44},"end":{"line":29,"column":73}},"line":29},"5":{"name":"(anonymous_5)","decl":{"start":{"line":30,"column":40},"end":{"line":30,"column":41}},"loc":{"start":{"line":30,"column":48},"end":{"line":30,"column":77}},"line":30},"6":{"name":"(anonymous_6)","decl":{"start":{"line":31,"column":32},"end":{"line":31,"column":33}},"loc":{"start":{"line":31,"column":40},"end":{"line":31,"column":65}},"line":31},"7":{"name":"(anonymous_7)","decl":{"start":{"line":32,"column":36},"end":{"line":32,"column":37}},"loc":{"start":{"line":32,"column":44},"end":{"line":32,"column":68}},"line":32},"8":{"name":"(anonymous_8)","decl":{"start":{"line":47,"column":38},"end":{"line":47,"column":39}},"loc":{"start":{"line":47,"column":48},"end":{"line":49,"column":13}},"line":47},"9":{"name":"(anonymous_9)","decl":{"start":{"line":54,"column":42},"end":{"line":54,"column":43}},"loc":{"start":{"line":54,"column":52},"end":{"line":56,"column":13}},"line":54},"10":{"name":"(anonymous_10)","decl":{"start":{"line":61,"column":34},"end":{"line":61,"column":35}},"loc":{"start":{"line":61,"column":44},"end":{"line":63,"column":13}},"line":61},"11":{"name":"(anonymous_11)","decl":{"start":{"line":68,"column":38},"end":{"line":68,"column":39}},"loc":{"start":{"line":68,"column":48},"end":{"line":70,"column":13}},"line":68}},"branchMap":{"0":{"loc":{"start":{"line":26,"column":4},"end":{"line":34,"column":5}},"type":"if","locations":[{"start":{"line":26,"column":4},"end":{"line":34,"column":5}},{"start":{},"end":{}}],"line":26},"1":{"loc":{"start":{"line":37,"column":2},"end":{"line":37,"column":55}},"type":"if","locations":[{"start":{"line":37,"column":2},"end":{"line":37,"column":55}},{"start":{},"end":{}}],"line":37},"2":{"loc":{"start":{"line":38,"column":2},"end":{"line":38,"column":57}},"type":"if","locations":[{"start":{"line":38,"column":2},"end":{"line":38,"column":57}},{"start":{},"end":{}}],"line":38}},"s":{"0":0,"1":0,"2":0,"3":0,"4":0,"5":0,"6":0,"7":0,"8":0,"9":0,"10":0,"11":0,"12":0,"13":0,"14":0,"15":0,"16":0,"17":0,"18":0,"19":0,"20":0},"f":{"0":0,"1":0,"2":0,"3":0,"4":0,"5":0,"6":0,"7":0,"8":0,"9":0,"10":0,"11":0},"b":{"0":[0,0],"1":[0,0],"2":[0,0]}}
,"C:\\Users\\fazal\\OneDrive\\Desktop\\ketoproj\\frontend\\src\\components\\MenuItems.jsx": {"path":"C:\\Users\\fazal\\OneDrive\\Desktop\\ketoproj\\frontend\\src\\components\\MenuItems.jsx","statementMap":{"0":{"start":{"line":6,"column":19},"end":{"line":6,"column":32}},"1":{"start":{"line":7,"column":18},"end":{"line":7,"column":67}},"2":{"start":{"line":7,"column":41},"end":{"line":7,"column":66}},"3":{"start":{"line":9,"column":2},"end":{"line":30,"column":4}}},"fnMap":{"0":{"name":"MenuItems","decl":{"start":{"line":5,"column":9},"end":{"line":5,"column":18}},"loc":{"start":{"line":5,"column":26},"end":{"line":31,"column":1}},"line":5},"1":{"name":"(anonymous_1)","decl":{"start":{"line":7,"column":30},"end":{"line":7,"column":31}},"loc":{"start":{"line":7,"column":41},"end":{"line":7,"column":66}},"line":7}},"branchMap":{},"s":{"0":0,"1":0,"2":0,"3":0},"f":{"0":0,"1":0},"b":{}}
,"C:\\Users\\fazal\\OneDrive\\Desktop\\ketoproj\\frontend\\src\\components\\ProductCard.jsx": {"path":"C:\\Users\\fazal\\OneDrive\\Desktop\\ketoproj\\frontend\\src\\components\\ProductCard.jsx","statementMap":{"0":{"start":{"line":6,"column":2},"end":{"line":25,"column":4}}},"fnMap":{"0":{"name":"ProductCard","decl":{"start":{"line":5,"column":9},"end":{"line":5,"column":20}},"loc":{"start":{"line":5,"column":28},"end":{"line":26,"column":1}},"line":5}},"branchMap":{},"s":{"0":3},"f":{"0":3},"b":{},"_coverageSchema":"1a1c01bbd47fc00a2c39e90264f33305004495a9","hash":"9eb35ab0f94297fd9f44b1a6869bc1769c62d73a"}
,"C:\\Users\\fazal\\OneDrive\\Desktop\\ketoproj\\frontend\\src\\components\\Testimonials.jsx": {"path":"C:\\Users\\fazal\\OneDrive\\Desktop\\ketoproj\\frontend\\src\\components\\Testimonials.jsx","statementMap":{"0":{"start":{"line":4,"column":31},"end":{"line":49,"column":1}},"1":{"start":{"line":5,"column":51},"end":{"line":5,"column":55}},"2":{"start":{"line":7,"column":2},"end":{"line":48,"column":4}},"3":{"start":{"line":51,"column":25},"end":{"line":129,"column":1}},"4":{"start":{"line":52,"column":28},"end":{"line":71,"column":7}},"5":{"start":{"line":53,"column":46},"end":{"line":53,"column":51}},"6":{"start":{"line":54,"column":8},"end":{"line":70,"column":10}},"7":{"start":{"line":73,"column":30},"end":{"line":92,"column":7}},"8":{"start":{"line":74,"column":46},"end":{"line":74,"column":51}},"9":{"start":{"line":75,"column":8},"end":{"line":91,"column":10}},"10":{"start":{"line":93,"column":2},"end":{"line":99,"column":3}},"11":{"start":{"line":94,"column":4},"end":{"line":98,"column":6}},"12":{"start":{"line":101,"column":2},"end":{"line":128,"column":4}},"13":{"start":{"line":107,"column":12},"end":{"line":107,"column":87}},"14":{"start":{"line":121,"column":12},"end":{"line":123,"column":18}}},"fnMap":{"0":{"name":"(anonymous_0)","decl":{"start":{"line":4,"column":31},"end":{"line":4,"column":32}},"loc":{"start":{"line":4,"column":45},"end":{"line":49,"column":1}},"line":4},"1":{"name":"(anonymous_1)","decl":{"start":{"line":51,"column":25},"end":{"line":51,"column":26}},"loc":{"start":{"line":51,"column":47},"end":{"line":129,"column":1}},"line":51},"2":{"name":"(anonymous_2)","decl":{"start":{"line":52,"column":28},"end":{"line":52,"column":29}},"loc":{"start":{"line":52,"column":39},"end":{"line":71,"column":7}},"line":52},"3":{"name":"(anonymous_3)","decl":{"start":{"line":73,"column":30},"end":{"line":73,"column":31}},"loc":{"start":{"line":73,"column":41},"end":{"line":92,"column":7}},"line":73},"4":{"name":"(anonymous_4)","decl":{"start":{"line":106,"column":28},"end":{"line":106,"column":29}},"loc":{"start":{"line":107,"column":12},"end":{"line":107,"column":87}},"line":107},"5":{"name":"(anonymous_5)","decl":{"start":{"line":120,"column":28},"end":{"line":120,"column":29}},"loc":{"start":{"line":121,"column":12},"end":{"line":123,"column":18}},"line":121}},"branchMap":{"0":{"loc":{"start":{"line":93,"column":2},"end":{"line":99,"column":3}},"type":"if","locations":[{"start":{"line":93,"column":2},"end":{"line":99,"column":3}},{"start":{},"end":{}}],"line":93}},"s":{"0":1,"1":10,"2":10,"3":1,"4":4,"5":0,"6":0,"7":4,"8":0,"9":0,"10":4,"11":2,"12":2,"13":4,"14":4},"f":{"0":10,"1":4,"2":0,"3":0,"4":4,"5":4},"b":{"0":[2,2]},"_coverageSchema":"1a1c01bbd47fc00a2c39e90264f33305004495a9","hash":"4fef6ac0dde6587433d659f856058a5aed9ee012"}
,"C:\\Users\\fazal\\OneDrive\\Desktop\\ketoproj\\frontend\\src\\components\\Toast.jsx": {"path":"C:\\Users\\fazal\\OneDrive\\Desktop\\ketoproj\\frontend\\src\\components\\Toast.jsx","statementMap":{"0":{"start":{"line":1,"column":21},"end":{"line":25,"column":1}},"1":{"start":{"line":2,"column":21},"end":{"line":2,"column":73}},"2":{"start":{"line":4,"column":2},"end":{"line":24,"column":4}}},"fnMap":{"0":{"name":"(anonymous_0)","decl":{"start":{"line":1,"column":21},"end":{"line":1,"column":22}},"loc":{"start":{"line":1,"column":53},"end":{"line":25,"column":1}},"line":1}},"branchMap":{"0":{"loc":{"start":{"line":2,"column":21},"end":{"line":2,"column":73}},"type":"cond-expr","locations":[{"start":{"line":2,"column":42},"end":{"line":2,"column":57}},{"start":{"line":2,"column":60},"end":{"line":2,"column":73}}],"line":2},"1":{"loc":{"start":{"line":8,"column":11},"end":{"line":16,"column":11}},"type":"cond-expr","locations":[{"start":{"line":9,"column":12},"end":{"line":11,"column":16}},{"start":{"line":13,"column":12},"end":{"line":15,"column":14}}],"line":8}},"s":{"0":0,"1":0,"2":0},"f":{"0":0},"b":{"0":[0,0],"1":[0,0]}}
,"C:\\Users\\fazal\\OneDrive\\Desktop\\ketoproj\\frontend\\src\\components\\contextAPI.jsx": {"path":"C:\\Users\\fazal\\OneDrive\\Desktop\\ketoproj\\frontend\\src\\components\\contextAPI.jsx","statementMap":{"0":{"start":{"line":5,"column":27},"end":{"line":5,"column":42}},"1":{"start":{"line":6,"column":21},"end":{"line":43,"column":1}},"2":{"start":{"line":7,"column":38},"end":{"line":7,"column":50}},"3":{"start":{"line":8,"column":33},"end":{"line":8,"column":72}},"4":{"start":{"line":9,"column":47},"end":{"line":9,"column":86}},"5":{"start":{"line":11,"column":8},"end":{"line":27,"column":9}},"6":{"start":{"line":15,"column":29},"end":{"line":15,"column":112}},"7":{"start":{"line":16,"column":23},"end":{"line":16,"column":36}},"8":{"start":{"line":17,"column":12},"end":{"line":17,"column":30}},"9":{"start":{"line":18,"column":22},"end":{"line":18,"column":24}},"10":{"start":{"line":19,"column":12},"end":{"line":21,"column":13}},"11":{"start":{"line":20,"column":16},"end":{"line":20,"column":50}},"12":{"start":{"line":22,"column":12},"end":{"line":22,"column":28}},"13":{"start":{"line":23,"column":12},"end":{"line":23,"column":29}},"14":{"start":{"line":26,"column":12},"end":{"line":26,"column":30}},"15":{"start":{"line":29,"column":25},"end":{"line":37,"column":5}},"16":{"start":{"line":38,"column":4},"end":{"line":42,"column":5}}},"fnMap":{"0":{"name":"(anonymous_0)","decl":{"start":{"line":6,"column":21},"end":{"line":6,"column":22}},"loc":{"start":{"line":6,"column":32},"end":{"line":43,"column":1}},"line":6},"1":{"name":"getCartData","decl":{"start":{"line":10,"column":19},"end":{"line":10,"column":30}},"loc":{"start":{"line":10,"column":33},"end":{"line":28,"column":5}},"line":10}},"branchMap":{},"s":{"0":0,"1":0,"2":0,"3":0,"4":0,"5":0,"6":0,"7":0,"8":0,"9":0,"10":0,"11":0,"12":0,"13":0,"14":0,"15":0,"16":0},"f":{"0":0,"1":0},"b":{}}
,"C:\\Users\\fazal\\OneDrive\\Desktop\\ketoproj\\frontend\\src\\lib\\api.js": {"path":"C:\\Users\\fazal\\OneDrive\\Desktop\\ketoproj\\frontend\\src\\lib\\api.js","statementMap":{"0":{"start":{"line":3,"column":12},"end":{"line":9,"column":2}}},"fnMap":{},"branchMap":{},"s":{"0":0},"f":{},"b":{}}
,"C:\\Users\\fazal\\OneDrive\\Desktop\\ketoproj\\frontend\\src\\lib\\authapi.js": {"path":"C:\\Users\\fazal\\OneDrive\\Desktop\\ketoproj\\frontend\\src\\lib\\authapi.js","statementMap":{"0":{"start":{"line":7,"column":4},"end":{"line":7,"column":40}},"1":{"start":{"line":8,"column":4},"end":{"line":17,"column":5}},"2":{"start":{"line":10,"column":16},"end":{"line":10,"column":48}},"3":{"start":{"line":11,"column":6},"end":{"line":11,"column":16}},"4":{"start":{"line":15,"column":6},"end":{"line":15,"column":84}},"5":{"start":{"line":16,"column":6},"end":{"line":16,"column":56}},"6":{"start":{"line":21,"column":2},"end":{"line":37,"column":3}},"7":{"start":{"line":22,"column":25},"end":{"line":25,"column":4}},"8":{"start":{"line":26,"column":2},"end":{"line":32,"column":8}},"9":{"start":{"line":28,"column":4},"end":{"line":32,"column":7}},"10":{"start":{"line":33,"column":2},"end":{"line":33,"column":21}},"11":{"start":{"line":35,"column":4},"end":{"line":35,"column":82}},"12":{"start":{"line":36,"column":6},"end":{"line":36,"column":56}}},"fnMap":{"0":{"name":"sendToBackend","decl":{"start":{"line":6,"column":22},"end":{"line":6,"column":35}},"loc":{"start":{"line":6,"column":41},"end":{"line":18,"column":3}},"line":6},"1":{"name":"loginGoogle","decl":{"start":{"line":20,"column":22},"end":{"line":20,"column":33}},"loc":{"start":{"line":20,"column":39},"end":{"line":38,"column":1}},"line":20}},"branchMap":{"0":{"loc":{"start":{"line":15,"column":30},"end":{"line":15,"column":82}},"type":"cond-expr","locations":[{"start":{"line":15,"column":47},"end":{"line":15,"column":66}},{"start":{"line":15,"column":69},"end":{"line":15,"column":82}}],"line":15},"1":{"loc":{"start":{"line":26,"column":2},"end":{"line":32,"column":8}},"type":"if","locations":[{"start":{"line":26,"column":2},"end":{"line":32,"column":8}},{"start":{},"end":{}}],"line":26},"2":{"loc":{"start":{"line":26,"column":6},"end":{"line":26,"column":64}},"type":"binary-expr","locations":[{"start":{"line":26,"column":6},"end":{"line":26,"column":33}},{"start":{"line":26,"column":37},"end":{"line":26,"column":64}}],"line":26},"3":{"loc":{"start":{"line":35,"column":28},"end":{"line":35,"column":80}},"type":"cond-expr","locations":[{"start":{"line":35,"column":45},"end":{"line":35,"column":64}},{"start":{"line":35,"column":67},"end":{"line":35,"column":80}}],"line":35}},"s":{"0":0,"1":0,"2":0,"3":0,"4":0,"5":0,"6":0,"7":0,"8":0,"9":0,"10":0,"11":0,"12":0},"f":{"0":0,"1":0},"b":{"0":[0,0],"1":[0,0],"2":[0,0],"3":[0,0]}}
,"C:\\Users\\fazal\\OneDrive\\Desktop\\ketoproj\\frontend\\src\\lib\\cartapi.js": {"path":"C:\\Users\\fazal\\OneDrive\\Desktop\\ketoproj\\frontend\\src\\lib\\cartapi.js","statementMap":{"0":{"start":{"line":5,"column":4},"end":{"line":13,"column":5}},"1":{"start":{"line":6,"column":25},"end":{"line":6,"column":85}},"2":{"start":{"line":7,"column":8},"end":{"line":7,"column":57}},"3":{"start":{"line":8,"column":8},"end":{"line":8,"column":23}},"4":{"start":{"line":11,"column":8},"end":{"line":11,"column":52}},"5":{"start":{"line":12,"column":8},"end":{"line":12,"column":19}},"6":{"start":{"line":17,"column":4},"end":{"line":30,"column":7}},"7":{"start":{"line":18,"column":25},"end":{"line":20,"column":10}},"8":{"start":{"line":21,"column":8},"end":{"line":21,"column":43}},"9":{"start":{"line":23,"column":21},"end":{"line":23,"column":39}},"10":{"start":{"line":24,"column":8},"end":{"line":24,"column":67}},"11":{"start":{"line":26,"column":8},"end":{"line":26,"column":20}},"12":{"start":{"line":28,"column":8},"end":{"line":28,"column":85}},"13":{"start":{"line":29,"column":8},"end":{"line":29,"column":20}},"14":{"start":{"line":34,"column":10},"end":{"line":34,"column":39}},"15":{"start":{"line":35,"column":10},"end":{"line":35,"column":46}},"16":{"start":{"line":36,"column":34},"end":{"line":36,"column":65}},"17":{"start":{"line":37,"column":10},"end":{"line":37,"column":54}},"18":{"start":{"line":38,"column":6},"end":{"line":42,"column":7}},"19":{"start":{"line":39,"column":8},"end":{"line":39,"column":72}},"20":{"start":{"line":41,"column":8},"end":{"line":41,"column":32}}},"fnMap":{"0":{"name":"updateCart","decl":{"start":{"line":4,"column":22},"end":{"line":4,"column":32}},"loc":{"start":{"line":4,"column":38},"end":{"line":14,"column":1}},"line":4},"1":{"name":"getCartItem","decl":{"start":{"line":16,"column":22},"end":{"line":16,"column":33}},"loc":{"start":{"line":16,"column":42},"end":{"line":31,"column":1}},"line":16},"2":{"name":"deleteItem","decl":{"start":{"line":33,"column":22},"end":{"line":33,"column":32}},"loc":{"start":{"line":33,"column":38},"end":{"line":43,"column":1}},"line":33}},"branchMap":{"0":{"loc":{"start":{"line":28,"column":46},"end":{"line":28,"column":83}},"type":"binary-expr","locations":[{"start":{"line":28,"column":46},"end":{"line":28,"column":66}},{"start":{"line":28,"column":70},"end":{"line":28,"column":83}}],"line":28}},"s":{"0":0,"1":0,"2":0,"3":0,"4":0,"5":0,"6":0,"7":0,"8":0,"9":0,"10":0,"11":0,"12":0,"13":0,"14":0,"15":0,"16":0,"17":0,"18":0,"19":0,"20":0},"f":{"0":0,"1":0,"2":0},"b":{"0":[0,0]}}
,"C:\\Users\\fazal\\OneDrive\\Desktop\\ketoproj\\frontend\\src\\lib\\productapi.js": {"path":"C:\\Users\\fazal\\OneDrive\\Desktop\\ketoproj\\frontend\\src\\lib\\productapi.js","statementMap":{"0":{"start":{"line":4,"column":4},"end":{"line":9,"column":5}},"1":{"start":{"line":5,"column":21},"end":{"line":5,"column":57}},"2":{"start":{"line":6,"column":4},"end":{"line":6,"column":33}},"3":{"start":{"line":8,"column":8},"end":{"line":8,"column":28}},"4":{"start":{"line":14,"column":4},"end":{"line":14,"column":42}},"5":{"start":{"line":15,"column":4},"end":{"line":20,"column":5}},"6":{"start":{"line":16,"column":25},"end":{"line":16,"column":55}},"7":{"start":{"line":17,"column":8},"end":{"line":17,"column":24}},"8":{"start":{"line":19,"column":8},"end":{"line":19,"column":28}}},"fnMap":{"0":{"name":"getProductById","decl":{"start":{"line":3,"column":22},"end":{"line":3,"column":36}},"loc":{"start":{"line":3,"column":41},"end":{"line":10,"column":1}},"line":3},"1":{"name":"getAllProducts","decl":{"start":{"line":13,"column":22},"end":{"line":13,"column":36}},"loc":{"start":{"line":13,"column":39},"end":{"line":21,"column":1}},"line":13}},"branchMap":{},"s":{"0":0,"1":0,"2":0,"3":0,"4":0,"5":0,"6":0,"7":0,"8":0},"f":{"0":0,"1":0},"b":{}}
}
