TN:
SF:src\App.jsx
FN:16,App
FN:21,ScrollToHash
FN:24,(anonymous_2)
FN:35,(anonymous_3)
FNF:4
FNH:0
FNDA:0,App
FNDA:0,ScrollToHash
FNDA:0,(anonymous_2)
FNDA:0,(anonymous_3)
DA:17,0
DA:18,0
DA:19,0
DA:22,0
DA:24,0
DA:25,0
DA:26,0
DA:27,0
DA:28,0
DA:33,0
DA:35,0
DA:36,0
DA:37,0
DA:40,0
LF:14
LH:0
BRDA:25,0,0,0
BRDA:25,0,1,0
BRDA:27,1,0,0
BRDA:27,1,1,0
BRDA:36,2,0,0
BRDA:36,2,1,0
BRDA:49,3,0,0
BRDA:49,3,1,0
BRF:8
BRH:0
end_of_record
TN:
SF:src\main.jsx
FNF:0
FNH:0
DA:12,0
DA:14,0
LF:2
LH:0
BRF:0
BRH:0
end_of_record
TN:
SF:src\ReduxStore\Authenticate.js
FN:10,(anonymous_0)
FN:14,(anonymous_1)
FN:17,(anonymous_2)
FN:20,(anonymous_3)
FNF:4
FNH:0
FNDA:0,(anonymous_0)
FNDA:0,(anonymous_1)
FNDA:0,(anonymous_2)
FNDA:0,(anonymous_3)
DA:3,0
DA:11,0
DA:12,0
DA:15,0
DA:18,0
DA:21,0
DA:26,0
DA:28,0
LF:8
LH:0
BRF:0
BRH:0
end_of_record
TN:
SF:src\ReduxStore\dataCart.js
FN:10,(anonymous_0)
FNF:1
FNH:0
FNDA:0,(anonymous_0)
DA:4,0
DA:11,0
DA:16,0
DA:18,0
LF:4
LH:0
BRF:0
BRH:0
end_of_record
TN:
SF:src\ReduxStore\store.js
FNF:0
FNH:0
DA:6,0
LF:1
LH:0
BRF:0
BRH:0
end_of_record
TN:
SF:src\components\AboutUs.jsx
FN:6,AboutUs
FNF:1
FNH:0
FNDA:0,AboutUs
DA:7,0
LF:1
LH:0
BRF:0
BRH:0
end_of_record
TN:
SF:src\components\AddBtn.jsx
FN:8,AddBtnComponent
FN:10,(anonymous_1)
FN:17,(anonymous_2)
FN:30,(anonymous_3)
FN:33,(anonymous_4)
FN:40,sendToFb
FN:76,(anonymous_6)
FN:92,(anonymous_7)
FN:102,(anonymous_8)
FNF:9
FNH:0
FNDA:0,AddBtnComponent
FNDA:0,(anonymous_1)
FNDA:0,(anonymous_2)
FNDA:0,(anonymous_3)
FNDA:0,(anonymous_4)
FNDA:0,sendToFb
FNDA:0,(anonymous_6)
FNDA:0,(anonymous_7)
FNDA:0,(anonymous_8)
DA:9,0
DA:10,0
DA:11,0
DA:12,0
DA:14,0
DA:15,0
DA:19,0
DA:22,0
DA:23,0
DA:24,0
DA:26,0
DA:27,0
DA:30,0
DA:34,0
DA:35,0
DA:36,0
DA:41,0
DA:42,0
DA:49,0
DA:52,0
DA:76,0
DA:92,0
DA:103,0
DA:104,0
DA:105,0
LF:25
LH:0
BRDA:22,0,0,0
BRDA:22,0,1,0
BRDA:54,1,0,0
BRDA:54,1,1,0
BRDA:83,2,0,0
BRDA:83,2,1,0
BRDA:108,3,0,0
BRDA:108,3,1,0
BRDA:111,4,0,0
BRDA:111,4,1,0
BRF:10
BRH:0
end_of_record
TN:
SF:src\components\Banner.jsx
FN:1,Banner
FNF:1
FNH:0
FNDA:0,Banner
DA:2,0
LF:1
LH:0
BRF:0
BRH:0
end_of_record
TN:
SF:src\components\Cards.jsx
FN:1,Cards
FNF:1
FNH:1
FNDA:3,Cards
DA:2,3
LF:1
LH:1
BRF:0
BRH:0
end_of_record
TN:
SF:src\components\Cart.jsx
FN:9,Cart
FN:10,(anonymous_1)
FN:20,(anonymous_2)
FN:24,(anonymous_3)
FN:28,(anonymous_4)
FN:41,(anonymous_5)
FNF:6
FNH:0
FNDA:0,Cart
FNDA:0,(anonymous_1)
FNDA:0,(anonymous_2)
FNDA:0,(anonymous_3)
FNDA:0,(anonymous_4)
FNDA:0,(anonymous_5)
DA:10,0
DA:11,0
DA:12,0
DA:18,0
DA:20,0
DA:24,0
DA:25,0
DA:26,0
DA:27,0
DA:28,0
DA:31,0
DA:35,0
DA:42,0
LF:13
LH:0
BRDA:25,0,0,0
BRDA:25,0,1,0
BRDA:40,1,0,0
BRDA:40,1,1,0
BRF:4
BRH:0
end_of_record
TN:
SF:src\components\Categories.jsx
FN:3,Categories
FNF:1
FNH:1
FNDA:6,Categories
DA:4,6
LF:1
LH:1
BRF:0
BRH:0
end_of_record
TN:
SF:src\components\Category.jsx
FN:3,Category
FNF:1
FNH:1
FNDA:3,Category
DA:4,3
LF:1
LH:1
BRF:0
BRH:0
end_of_record
TN:
SF:src\components\Contact.jsx
FN:6,Contact
FNF:1
FNH:0
FNDA:0,Contact
DA:7,0
LF:1
LH:0
BRF:0
BRH:0
end_of_record
TN:
SF:src\components\ContactForm.jsx
FN:1,ContactForm
FNF:1
FNH:0
FNDA:0,ContactForm
DA:2,0
LF:1
LH:0
BRF:0
BRH:0
end_of_record
TN:
SF:src\components\DelBtn.jsx
FN:6,DeleteBtnComponent
FN:8,(anonymous_1)
FN:11,deleteHandler
FN:23,(anonymous_3)
FN:29,(anonymous_4)
FN:31,(anonymous_5)
FN:60,(anonymous_6)
FN:71,(anonymous_7)
FNF:8
FNH:0
FNDA:0,DeleteBtnComponent
FNDA:0,(anonymous_1)
FNDA:0,deleteHandler
FNDA:0,(anonymous_3)
FNDA:0,(anonymous_4)
FNDA:0,(anonymous_5)
FNDA:0,(anonymous_6)
FNDA:0,(anonymous_7)
DA:7,0
DA:8,0
DA:9,0
DA:12,0
DA:16,0
DA:17,0
DA:21,0
DA:24,0
DA:25,0
DA:26,0
DA:29,0
DA:32,0
DA:36,0
DA:60,0
DA:71,0
LF:15
LH:0
BRDA:16,0,0,0
BRDA:16,0,1,0
BRDA:38,1,0,0
BRDA:38,1,1,0
BRDA:67,2,0,0
BRDA:67,2,1,0
BRF:6
BRH:0
end_of_record
TN:
SF:src\components\Description.jsx
FN:1,Description
FNF:1
FNH:0
FNDA:0,Description
DA:2,0
LF:1
LH:0
BRF:0
BRH:0
end_of_record
TN:
SF:src\components\Description2.jsx
FN:3,Description2
FN:5,(anonymous_1)
FNF:2
FNH:0
FNDA:0,Description2
FNDA:0,(anonymous_1)
DA:4,0
DA:5,0
DA:6,0
DA:8,0
LF:4
LH:0
BRF:0
BRH:0
end_of_record
TN:
SF:src\components\Description3.jsx
FN:1,Description3
FNF:1
FNH:0
FNDA:0,Description3
DA:2,0
LF:1
LH:0
BRF:0
BRH:0
end_of_record
TN:
SF:src\components\Dynamic.jsx
FN:12,Dynamic
FN:16,(anonymous_1)
FN:23,(anonymous_2)
FN:35,(anonymous_3)
FN:37,(anonymous_4)
FN:45,(anonymous_5)
FN:46,(anonymous_6)
FN:64,(anonymous_7)
FN:69,sendToFb
FN:109,(anonymous_9)
FN:125,(anonymous_10)
FN:152,(anonymous_11)
FNF:12
FNH:0
FNDA:0,Dynamic
FNDA:0,(anonymous_1)
FNDA:0,(anonymous_2)
FNDA:0,(anonymous_3)
FNDA:0,(anonymous_4)
FNDA:0,(anonymous_5)
FNDA:0,(anonymous_6)
FNDA:0,(anonymous_7)
FNDA:0,sendToFb
FNDA:0,(anonymous_9)
FNDA:0,(anonymous_10)
FNDA:0,(anonymous_11)
DA:13,0
DA:14,0
DA:15,0
DA:16,0
DA:17,0
DA:18,0
DA:19,0
DA:21,0
DA:24,0
DA:27,0
DA:28,0
DA:29,0
DA:31,0
DA:32,0
DA:35,0
DA:38,0
DA:39,0
DA:40,0
DA:43,0
DA:45,0
DA:47,0
DA:64,0
DA:65,0
DA:70,0
DA:77,0
DA:81,0
DA:82,0
DA:85,0
DA:109,0
DA:125,0
DA:152,0
LF:31
LH:0
BRDA:27,0,0,0
BRDA:27,0,1,0
BRDA:81,1,0,0
BRDA:81,1,1,0
BRDA:89,2,0,0
BRDA:89,2,1,0
BRDA:116,3,0,0
BRDA:116,3,1,0
BRF:8
BRH:0
end_of_record
TN:
SF:src\components\FAQ.jsx
FN:5,FAQ
FN:8,(anonymous_1)
FN:22,(anonymous_2)
FN:53,(anonymous_3)
FN:84,(anonymous_4)
FN:115,(anonymous_5)
FNF:6
FNH:0
FNDA:0,FAQ
FNDA:0,(anonymous_1)
FNDA:0,(anonymous_2)
FNDA:0,(anonymous_3)
FNDA:0,(anonymous_4)
FNDA:0,(anonymous_5)
DA:6,0
DA:8,0
DA:9,0
DA:12,0
DA:22,0
DA:53,0
DA:84,0
DA:115,0
LF:8
LH:0
BRDA:9,0,0,0
BRDA:9,0,1,0
BRDA:28,1,0,0
BRDA:28,1,1,0
BRDA:43,2,0,0
BRDA:43,2,1,0
BRDA:59,3,0,0
BRDA:59,3,1,0
BRDA:74,4,0,0
BRDA:74,4,1,0
BRDA:90,5,0,0
BRDA:90,5,1,0
BRDA:105,6,0,0
BRDA:105,6,1,0
BRDA:121,7,0,0
BRDA:121,7,1,0
BRDA:136,8,0,0
BRDA:136,8,1,0
BRF:18
BRH:0
end_of_record
TN:
SF:src\components\Footer.jsx
FN:3,Footer
FNF:1
FNH:0
FNDA:0,Footer
DA:4,0
LF:1
LH:0
BRF:0
BRH:0
end_of_record
TN:
SF:src\components\Header.jsx
FN:10,Header
FN:13,(anonymous_1)
FN:14,(anonymous_2)
FN:19,(anonymous_3)
FN:21,(anonymous_4)
FN:23,LogOutHandler
FN:29,(anonymous_6)
FN:44,(anonymous_7)
FN:46,(anonymous_8)
FN:57,(anonymous_9)
FN:63,(anonymous_10)
FN:69,(anonymous_11)
FN:100,(anonymous_12)
FN:114,(anonymous_13)
FNF:14
FNH:0
FNDA:0,Header
FNDA:0,(anonymous_1)
FNDA:0,(anonymous_2)
FNDA:0,(anonymous_3)
FNDA:0,(anonymous_4)
FNDA:0,LogOutHandler
FNDA:0,(anonymous_6)
FNDA:0,(anonymous_7)
FNDA:0,(anonymous_8)
FNDA:0,(anonymous_9)
FNDA:0,(anonymous_10)
FNDA:0,(anonymous_11)
FNDA:0,(anonymous_12)
FNDA:0,(anonymous_13)
DA:11,0
DA:12,0
DA:13,0
DA:14,0
DA:15,0
DA:17,0
DA:19,0
DA:20,0
DA:21,0
DA:25,0
DA:26,0
DA:28,0
DA:29,0
DA:31,0
DA:35,0
DA:36,0
DA:42,0
DA:44,0
DA:47,0
DA:48,0
DA:57,0
DA:58,0
DA:61,0
DA:63,0
DA:64,0
DA:65,0
DA:69,0
DA:70,0
DA:71,0
DA:72,0
DA:88,0
DA:100,0
DA:114,0
LF:33
LH:0
BRDA:64,0,0,0
BRDA:64,0,1,0
BRDA:96,1,0,0
BRDA:96,1,1,0
BRDA:121,2,0,0
BRDA:121,2,1,0
BRDA:157,3,0,0
BRDA:157,3,1,0
BRF:8
BRH:0
end_of_record
TN:
SF:src\components\LocBanner.jsx
FN:1,LocBanner
FNF:1
FNH:0
FNDA:0,LocBanner
DA:2,0
LF:1
LH:0
BRF:0
BRH:0
end_of_record
TN:
SF:src\components\Location.jsx
FN:4,Location
FNF:1
FNH:0
FNDA:0,Location
DA:5,0
LF:1
LH:0
BRF:0
BRH:0
end_of_record
TN:
SF:src\components\Login.jsx
FN:12,Login
FN:27,(anonymous_1)
FN:29,(anonymous_2)
FN:31,(anonymous_3)
FN:45,(anonymous_4)
FN:70,(anonymous_5)
FN:76,(anonymous_6)
FN:119,(anonymous_7)
FN:123,(anonymous_8)
FN:126,(anonymous_9)
FN:134,(anonymous_10)
FN:168,(anonymous_11)
FN:189,(anonymous_12)
FN:336,(anonymous_13)
FN:346,(anonymous_14)
FNF:15
FNH:0
FNDA:0,Login
FNDA:0,(anonymous_1)
FNDA:0,(anonymous_2)
FNDA:0,(anonymous_3)
FNDA:0,(anonymous_4)
FNDA:0,(anonymous_5)
FNDA:0,(anonymous_6)
FNDA:0,(anonymous_7)
FNDA:0,(anonymous_8)
FNDA:0,(anonymous_9)
FNDA:0,(anonymous_10)
FNDA:0,(anonymous_11)
FNDA:0,(anonymous_12)
FNDA:0,(anonymous_13)
FNDA:0,(anonymous_14)
DA:14,0
DA:15,0
DA:16,0
DA:17,0
DA:18,0
DA:19,0
DA:20,0
DA:23,0
DA:24,0
DA:27,0
DA:28,0
DA:29,0
DA:31,0
DA:32,0
DA:33,0
DA:36,0
DA:37,0
DA:39,0
DA:43,0
DA:46,0
DA:47,0
DA:48,0
DA:53,0
DA:61,0
DA:62,0
DA:64,0
DA:66,0
DA:67,0
DA:68,0
DA:71,0
DA:76,0
DA:77,0
DA:78,0
DA:79,0
DA:81,0
DA:83,0
DA:84,0
DA:85,0
DA:86,0
DA:87,0
DA:88,0
DA:93,0
DA:99,0
DA:100,0
DA:101,0
DA:102,0
DA:103,0
DA:107,0
DA:108,0
DA:112,0
DA:113,0
DA:117,0
DA:120,0
DA:121,0
DA:122,0
DA:123,0
DA:127,0
DA:128,0
DA:134,0
DA:135,0
DA:137,0
DA:138,0
DA:139,0
DA:140,0
DA:142,0
DA:143,0
DA:149,0
DA:150,0
DA:158,0
DA:159,0
DA:162,0
DA:168,0
DA:190,0
DA:336,0
DA:346,0
LF:75
LH:0
BRDA:36,0,0,0
BRDA:36,0,1,0
BRDA:61,1,0,0
BRDA:61,1,1,0
BRDA:71,2,0,0
BRDA:71,2,1,0
BRDA:107,3,0,0
BRDA:107,3,1,0
BRDA:107,4,0,0
BRDA:107,4,1,0
BRDA:121,5,0,0
BRDA:121,5,1,0
BRDA:121,6,0,0
BRDA:121,6,1,0
BRDA:127,7,0,0
BRDA:127,7,1,0
BRDA:135,8,0,0
BRDA:135,8,1,0
BRDA:142,9,0,0
BRDA:142,9,1,0
BRDA:164,10,0,0
BRDA:164,10,1,0
BRDA:212,11,0,0
BRDA:212,11,1,0
BRDA:264,12,0,0
BRDA:264,12,1,0
BRDA:293,13,0,0
BRDA:293,13,1,0
BRDA:304,14,0,0
BRDA:304,14,1,0
BRDA:332,15,0,0
BRDA:332,15,1,0
BRF:32
BRH:0
end_of_record
TN:
SF:src\components\Mail.jsx
FN:1,Mail
FNF:1
FNH:0
FNDA:0,Mail
DA:2,0
LF:1
LH:0
BRF:0
BRH:0
end_of_record
TN:
SF:src\components\Main.jsx
FN:22,Main
FN:26,(anonymous_1)
FN:27,(anonymous_2)
FN:72,(anonymous_3)
FNF:4
FNH:0
FNDA:0,Main
FNDA:0,(anonymous_1)
FNDA:0,(anonymous_2)
FNDA:0,(anonymous_3)
DA:23,0
DA:24,0
DA:26,0
DA:28,0
DA:29,0
DA:30,0
DA:31,0
DA:32,0
DA:34,0
DA:35,0
DA:36,0
DA:43,0
DA:56,0
DA:73,0
LF:14
LH:0
BRDA:28,0,0,0
BRDA:28,0,1,0
BRF:2
BRH:0
end_of_record
TN:
SF:src\components\MainSection.jsx
FN:6,MainSection
FN:8,(anonymous_1)
FNF:2
FNH:2
FNDA:2,MainSection
FNDA:1,(anonymous_1)
DA:7,2
DA:8,2
DA:9,1
DA:11,2
LF:4
LH:4
BRF:0
BRH:0
end_of_record
TN:
SF:src\components\Menu.jsx
FN:9,Menu
FN:19,(anonymous_1)
FN:20,(anonymous_2)
FN:25,(anonymous_3)
FN:29,(anonymous_4)
FN:30,(anonymous_5)
FN:31,(anonymous_6)
FN:32,(anonymous_7)
FN:47,(anonymous_8)
FN:54,(anonymous_9)
FN:61,(anonymous_10)
FN:68,(anonymous_11)
FNF:12
FNH:0
FNDA:0,Menu
FNDA:0,(anonymous_1)
FNDA:0,(anonymous_2)
FNDA:0,(anonymous_3)
FNDA:0,(anonymous_4)
FNDA:0,(anonymous_5)
FNDA:0,(anonymous_6)
FNDA:0,(anonymous_7)
FNDA:0,(anonymous_8)
FNDA:0,(anonymous_9)
FNDA:0,(anonymous_10)
FNDA:0,(anonymous_11)
DA:10,0
DA:17,0
DA:19,0
DA:21,0
DA:25,0
DA:26,0
DA:27,0
DA:28,0
DA:29,0
DA:30,0
DA:31,0
DA:32,0
DA:37,0
DA:38,0
DA:40,0
DA:48,0
DA:55,0
DA:62,0
DA:69,0
LF:19
LH:0
BRDA:26,0,0,0
BRDA:26,0,1,0
BRDA:37,1,0,0
BRDA:37,1,1,0
BRDA:38,2,0,0
BRDA:38,2,1,0
BRF:6
BRH:0
end_of_record
TN:
SF:src\components\MenuItems.jsx
FN:5,MenuItems
FN:7,(anonymous_1)
FNF:2
FNH:0
FNDA:0,MenuItems
FNDA:0,(anonymous_1)
DA:6,0
DA:7,0
DA:9,0
LF:3
LH:0
BRF:0
BRH:0
end_of_record
TN:
SF:src\components\ProductCard.jsx
FN:5,ProductCard
FNF:1
FNH:1
FNDA:3,ProductCard
DA:6,3
LF:1
LH:1
BRF:0
BRH:0
end_of_record
TN:
SF:src\components\Testimonials.jsx
FN:4,(anonymous_0)
FN:51,(anonymous_1)
FN:52,(anonymous_2)
FN:73,(anonymous_3)
FN:106,(anonymous_4)
FN:120,(anonymous_5)
FNF:6
FNH:4
FNDA:10,(anonymous_0)
FNDA:4,(anonymous_1)
FNDA:0,(anonymous_2)
FNDA:0,(anonymous_3)
FNDA:4,(anonymous_4)
FNDA:4,(anonymous_5)
DA:4,1
DA:5,10
DA:7,10
DA:51,1
DA:52,4
DA:53,0
DA:54,0
DA:73,4
DA:74,0
DA:75,0
DA:93,4
DA:94,2
DA:101,2
DA:107,4
DA:121,4
LF:15
LH:11
BRDA:93,0,0,2
BRDA:93,0,1,2
BRF:2
BRH:2
end_of_record
TN:
SF:src\components\Toast.jsx
FN:1,(anonymous_0)
FNF:1
FNH:0
FNDA:0,(anonymous_0)
DA:1,0
DA:2,0
DA:4,0
LF:3
LH:0
BRDA:2,0,0,0
BRDA:2,0,1,0
BRDA:8,1,0,0
BRDA:8,1,1,0
BRF:4
BRH:0
end_of_record
TN:
SF:src\components\contextAPI.jsx
FN:6,(anonymous_0)
FN:10,getCartData
FNF:2
FNH:0
FNDA:0,(anonymous_0)
FNDA:0,getCartData
DA:5,0
DA:6,0
DA:7,0
DA:8,0
DA:9,0
DA:11,0
DA:15,0
DA:16,0
DA:17,0
DA:18,0
DA:19,0
DA:20,0
DA:22,0
DA:23,0
DA:26,0
DA:29,0
DA:38,0
LF:17
LH:0
BRF:0
BRH:0
end_of_record
TN:
SF:src\lib\api.js
FNF:0
FNH:0
DA:3,0
LF:1
LH:0
BRF:0
BRH:0
end_of_record
TN:
SF:src\lib\authapi.js
FN:6,sendToBackend
FN:20,loginGoogle
FNF:2
FNH:0
FNDA:0,sendToBackend
FNDA:0,loginGoogle
DA:7,0
DA:8,0
DA:10,0
DA:11,0
DA:15,0
DA:16,0
DA:21,0
DA:22,0
DA:26,0
DA:28,0
DA:33,0
DA:35,0
DA:36,0
LF:13
LH:0
BRDA:15,0,0,0
BRDA:15,0,1,0
BRDA:26,1,0,0
BRDA:26,1,1,0
BRDA:26,2,0,0
BRDA:26,2,1,0
BRDA:35,3,0,0
BRDA:35,3,1,0
BRF:8
BRH:0
end_of_record
TN:
SF:src\lib\cartapi.js
FN:4,updateCart
FN:16,getCartItem
FN:33,deleteItem
FNF:3
FNH:0
FNDA:0,updateCart
FNDA:0,getCartItem
FNDA:0,deleteItem
DA:5,0
DA:6,0
DA:7,0
DA:8,0
DA:11,0
DA:12,0
DA:17,0
DA:18,0
DA:21,0
DA:23,0
DA:24,0
DA:26,0
DA:28,0
DA:29,0
DA:34,0
DA:35,0
DA:36,0
DA:37,0
DA:38,0
DA:39,0
DA:41,0
LF:21
LH:0
BRDA:28,0,0,0
BRDA:28,0,1,0
BRF:2
BRH:0
end_of_record
TN:
SF:src\lib\productapi.js
FN:3,getProductById
FN:13,getAllProducts
FNF:2
FNH:0
FNDA:0,getProductById
FNDA:0,getAllProducts
DA:4,0
DA:5,0
DA:6,0
DA:8,0
DA:14,0
DA:15,0
DA:16,0
DA:17,0
DA:19,0
LF:9
LH:0
BRF:0
BRH:0
end_of_record
